<?xml version="1.0" encoding="utf-8"?><testsuites name="pytest tests"><testsuite name="pytest" errors="38" failures="40" skipped="3" tests="1949" time="563.455" timestamp="2026-09-02T01:37:40.900619+07:00" hostname="MSI"><testcase classname="tests.e2e.test_autonomous_workflows.TestAutonomousWorkflowsE2E" name="test_e2e_autonomous_browser_price_comparison_and_form_automation" time="0.092" /><testcase classname="tests.e2e.test_autonomous_workflows.TestAutonomousWorkflowsE2E" name="test_e2e_autonomous_data_analysis_and_skill_synthesis" time="0.230" /><testcase classname="tests.e2e.test_autonomous_workflows.TestAutonomousWorkflowsE2E" name="test_e2e_background_subagent_delegation_watchdog_and_notifications" time="0.239" /><testcase classname="tests.e2e.test_autonomous_workflows.TestAutonomousWorkflowsE2E" name="test_e2e_computer_use_vision_and_verified_gui_interaction" time="0.404" /><testcase classname="tests.e2e.test_autonomous_workflows.TestAutonomousWorkflowsE2E" name="test_e2e_react_planner_self_healing_and_safety_gate_workflow" time="0.400" /><testcase classname="tests.e2e.test_combined_security_stability_e2e.TestTier3CrossFeatureIntegration" name="test_tier3_r1_r4_prompt_injection_in_sandbox_script" time="0.174" /><testcase classname="tests.e2e.test_combined_security_stability_e2e.TestTier3CrossFeatureIntegration" name="test_tier3_r2_r5_night_shift_task_with_rate_limited_notifications" time="0.010" /><testcase classname="tests.e2e.test_combined_security_stability_e2e.TestTier3CrossFeatureIntegration" name="test_tier3_r4_r6_discord_prompt_injection_safety_gate" time="0.001" /><testcase classname="tests.e2e.test_combined_security_stability_e2e.TestTier3CrossFeatureIntegration" name="test_tier3_r1_r3_sandbox_globals_plus_socket_blocking" time="0.166" /><testcase classname="tests.e2e.test_combined_security_stability_e2e.TestTier3CrossFeatureIntegration" name="test_tier3_r5_r6_discord_spam_burst_under_watchdog_supervision" time="0.003" /><testcase classname="tests.e2e.test_combined_security_stability_e2e.TestTier3CrossFeatureIntegration" name="test_tier3_r2_r7_night_shift_stt_audio_transcription_task" time="0.004" /><testcase classname="tests.e2e.test_combined_security_stability_e2e.TestTier3CrossFeatureIntegration" name="test_tier3_r3_r5_mobile_bridge_network_isolation_and_throttling" time="0.014" /><testcase classname="tests.e2e.test_combined_security_stability_e2e.TestTier4RealWorldApplicationWorkloads" name="test_tier4_scenario1_web_scraping_with_embedded_jailbreak_and_night_shift" time="0.172" /><testcase classname="tests.e2e.test_combined_security_stability_e2e.TestTier4RealWorldApplicationWorkloads" name="test_tier4_scenario2_multi_channel_flood_attack_with_injection_payloads" time="0.007" /><testcase classname="tests.e2e.test_combined_security_stability_e2e.TestTier4RealWorldApplicationWorkloads" name="test_tier4_scenario3_sandboxed_appcontainer_socket_exfiltration_and_watchdog_recovery" time="0.168" /><testcase classname="tests.e2e.test_combined_security_stability_e2e.TestTier4RealWorldApplicationWorkloads" name="test_tier4_scenario4_full_audio_stt_pipeline_concurrency_and_throttling" time="0.003" /><testcase classname="tests.e2e.test_combined_security_stability_e2e.TestTier4RealWorldApplicationWorkloads" name="test_tier4_scenario5_full_system_stress_test_4_channels_sandbox_watchdog" time="0.195" /><testcase classname="tests.e2e.test_r1_sandbox_globals_e2e.TestR1SandboxGlobalsFeatureTier1" name="test_r1_happy_path_safe_script_execution" time="0.187" /><testcase classname="tests.e2e.test_r1_sandbox_globals_e2e.TestR1SandboxGlobalsFeatureTier1" name="test_r1_direct_function_globals_access_blocked" time="0.183" /><testcase classname="tests.e2e.test_r1_sandbox_globals_e2e.TestR1SandboxGlobalsFeatureTier1" name="test_r1_class_call_globals_escape_blocked" time="0.193" /><testcase classname="tests.e2e.test_r1_sandbox_globals_e2e.TestR1SandboxGlobalsFeatureTier1" name="test_r1_object_subclasses_traversal_restricted" time="0.223" /><testcase classname="tests.e2e.test_r1_sandbox_globals_e2e.TestR1SandboxGlobalsFeatureTier1" name="test_r1_sandbox_result_structured_contract" time="0.212" /><testcase classname="tests.e2e.test_r1_sandbox_globals_e2e.TestR1SandboxGlobalsFeatureTier1" name="test_r1_preamble_injection_integrity" time="0.002" /><testcase classname="tests.e2e.test_r1_sandbox_globals_e2e.TestR1SandboxGlobalsBoundaryTier2" name="test_r1_corner_nested_lambda_method_globals_traversal" time="0.352" /><testcase classname="tests.e2e.test_r1_sandbox_globals_e2e.TestR1SandboxGlobalsBoundaryTier2" name="test_r1_corner_custom_class_metaclass_globals_probing" time="0.196" /><testcase classname="tests.e2e.test_r1_sandbox_globals_e2e.TestR1SandboxGlobalsBoundaryTier2" name="test_r1_boundary_empty_and_whitespace_code" time="0.577" /><testcase classname="tests.e2e.test_r1_sandbox_globals_e2e.TestR1SandboxGlobalsBoundaryTier2" name="test_r1_boundary_syntax_and_runtime_exception_handling" time="0.202" /><testcase classname="tests.e2e.test_r1_sandbox_globals_e2e.TestR1SandboxGlobalsBoundaryTier2" name="test_r1_boundary_unicode_variable_and_obfuscated_identifiers" time="0.241" /><testcase classname="tests.e2e.test_r1_sandbox_globals_e2e.TestR1SandboxGlobalsBoundaryTier2" name="test_r1_adversarial_real_os_globals_class_level_blocked" time="0.220" /><testcase classname="tests.e2e.test_r2_night_shift_e2e.TestR2NightShiftFeatureTier1" name="test_r2_audit_documentation_structure_and_verdict" time="0.002" /><testcase classname="tests.e2e.test_r2_night_shift_e2e.TestR2NightShiftFeatureTier1" name="test_r2_task_decomposition_nlp_keywords" time="0.002" /><testcase classname="tests.e2e.test_r2_night_shift_e2e.TestR2NightShiftFeatureTier1" name="test_r2_night_shift_execution_happy_path" time="0.009" /><testcase classname="tests.e2e.test_r2_night_shift_e2e.TestR2NightShiftFeatureTier1" name="test_r2_report_generation_markdown_format" time="0.008" /><testcase classname="tests.e2e.test_r2_night_shift_e2e.TestR2NightShiftFeatureTier1" name="test_r2_task_persistence_and_retrieval" time="0.008" /><testcase classname="tests.e2e.test_r2_night_shift_e2e.TestR2NightShiftBoundaryTier2" name="test_r2_corner_empty_or_malformed_task_description" time="0.004" /><testcase classname="tests.e2e.test_r2_night_shift_e2e.TestR2NightShiftBoundaryTier2" name="test_r2_corner_step_failure_isolation_and_reporting" time="0.009" /><testcase classname="tests.e2e.test_r2_night_shift_e2e.TestR2NightShiftBoundaryTier2" name="test_r2_boundary_unsupported_language_or_symbolic_task" time="0.003" /><testcase classname="tests.e2e.test_r2_night_shift_e2e.TestR2NightShiftBoundaryTier2" name="test_r2_sandboxed_night_shift_step_execution" time="0.247" /><testcase classname="tests.e2e.test_r2_night_shift_e2e.TestR2NightShiftBoundaryTier2" name="test_r2_concurrent_task_scheduling_and_cancellation" time="0.014" /><testcase classname="tests.e2e.test_r3_network_sandbox_e2e.TestR3NetworkSandboxFeatureTier1" name="test_r3_real_os_socket_connect_blocked" time="0.189" /><testcase classname="tests.e2e.test_r3_network_sandbox_e2e.TestR3NetworkSandboxFeatureTier1" name="test_r3_in_process_socket_module_poisoning" time="0.184" /><testcase classname="tests.e2e.test_r3_network_sandbox_e2e.TestR3NetworkSandboxFeatureTier1" name="test_r3_udp_socket_creation_and_sendto_blocked" time="0.195" /><testcase classname="tests.e2e.test_r3_network_sandbox_e2e.TestR3NetworkSandboxFeatureTier1" name="test_r3_dns_resolution_attempt_blocked" time="0.160" /><testcase classname="tests.e2e.test_r3_network_sandbox_e2e.TestR3NetworkSandboxFeatureTier1" name="test_r3_http_client_libraries_blocked" time="0.192" /><testcase classname="tests.e2e.test_r3_network_sandbox_e2e.TestR3NetworkSandboxBoundaryTier2" name="test_r3_corner_dynamic_import_reimport_evasion" time="0.154" /><testcase classname="tests.e2e.test_r3_network_sandbox_e2e.TestR3NetworkSandboxBoundaryTier2" name="test_r3_corner_ctypes_ws2_32_winsock_ffi_blocked" time="0.139" /><testcase classname="tests.e2e.test_r3_network_sandbox_e2e.TestR3NetworkSandboxBoundaryTier2" name="test_r3_corner_ipv6_loopback_and_any_bind_blocked" time="0.133" /><testcase classname="tests.e2e.test_r3_network_sandbox_e2e.TestR3NetworkSandboxBoundaryTier2" name="test_r3_boundary_local_ipc_pipe_and_unix_socket_denial" time="0.139" /><testcase classname="tests.e2e.test_r3_network_sandbox_e2e.TestR3NetworkSandboxBoundaryTier2" name="test_r3_adversarial_ssl_tls_wrap_socket_blocked" time="0.159" /><testcase classname="tests.e2e.test_r3_network_sandbox_e2e.TestR3DualEvidenceStartupAndBlocking" name="test_r3_dual_evidence_compute_succeeds_then_socket_blocked" time="0.151" /><testcase classname="tests.e2e.test_r3_network_sandbox_e2e.TestR3DualEvidenceStartupAndBlocking" name="test_r3_dual_evidence_file_write_succeeds_network_blocked" time="0.161"><failure message="assert False is True&#10; +  where False = SandboxResult(success=False, exit_code=1, stdout='Traceback (most recent call last):\r\n  File &quot;C:\\Users\\Duong Phuoc...Local\\Temp\\pytest-of-Duong Phuoc Hung\\pytest-103\\test_r3_dual_evidence_file_wri0\\network_scratch\\run_7df51532b8').success">E   assert False is True
     +  where False = SandboxResult(success=False, exit_code=1, stdout='Traceback (most recent call last):\r\n  File "C:\\Users\\Duong Phuoc...Local\\Temp\\pytest-of-Duong Phuoc Hung\\pytest-103\\test_r3_dual_evidence_file_wri0\\network_scratch\\run_7df51532b8').success</failure></testcase><testcase classname="tests.e2e.test_r4_prompt_injection_e2e.TestR4PromptInjectionFeatureTier1" name="test_r4_instruction_override_payload_blocked" time="0.001" /><testcase classname="tests.e2e.test_r4_prompt_injection_e2e.TestR4PromptInjectionFeatureTier1" name="test_r4_script_tag_jailbreak_sanitized" time="0.001" /><testcase classname="tests.e2e.test_r4_prompt_injection_e2e.TestR4PromptInjectionFeatureTier1" name="test_r4_role_spoofing_system_prompt_detected" time="0.001" /><testcase classname="tests.e2e.test_r4_prompt_injection_e2e.TestR4PromptInjectionFeatureTier1" name="test_r4_quarantine_xml_tag_wrapping" time="0.001" /><testcase classname="tests.e2e.test_r4_prompt_injection_e2e.TestR4PromptInjectionFeatureTier1" name="test_r4_safe_web_content_preservation" time="0.001" /><testcase classname="tests.e2e.test_r4_prompt_injection_e2e.TestR4PromptInjectionBoundaryTier2" name="test_r4_corner_xml_delimiter_escape_neutralization" time="0.001" /><testcase classname="tests.e2e.test_r4_prompt_injection_e2e.TestR4PromptInjectionBoundaryTier2" name="test_r4_corner_unicode_homoglyphs_and_zero_width_chars" time="0.001" /><testcase classname="tests.e2e.test_r4_prompt_injection_e2e.TestR4PromptInjectionBoundaryTier2" name="test_r4_boundary_empty_none_and_massive_html_payload" time="0.091" /><testcase classname="tests.e2e.test_r4_prompt_injection_e2e.TestR4PromptInjectionBoundaryTier2" name="test_r4_boundary_nested_markdown_and_html_comments" time="0.001" /><testcase classname="tests.e2e.test_r4_prompt_injection_e2e.TestR4PromptInjectionBoundaryTier2" name="test_r4_adversarial_vietnamese_and_multilingual_jailbreaks" time="0.001" /><testcase classname="tests.e2e.test_r5_rate_limiting_e2e.TestR5RateLimitingFeatureTier1" name="test_r5_token_bucket_burst_and_refill_mechanics" time="0.001" /><testcase classname="tests.e2e.test_r5_rate_limiting_e2e.TestR5RateLimitingFeatureTier1" name="test_r5_telegram_channel_30_req_sec_throttle" time="0.003" /><testcase classname="tests.e2e.test_r5_rate_limiting_e2e.TestR5RateLimitingFeatureTier1" name="test_r5_discord_channel_30_req_sec_throttle" time="0.003" /><testcase classname="tests.e2e.test_r5_rate_limiting_e2e.TestR5RateLimitingFeatureTier1" name="test_r5_zalo_channel_30_req_sec_throttle" time="0.002" /><testcase classname="tests.e2e.test_r5_rate_limiting_e2e.TestR5RateLimitingFeatureTier1" name="test_r5_mobile_bridge_rate_limiting" time="0.003" /><testcase classname="tests.e2e.test_r5_rate_limiting_e2e.TestR5RateLimitingBoundaryTier2" name="test_r5_per_user_isolation_fairness" time="0.002" /><testcase classname="tests.e2e.test_r5_rate_limiting_e2e.TestR5RateLimitingBoundaryTier2" name="test_r5_thread_safety_under_concurrent_burst" time="0.010" /><testcase classname="tests.e2e.test_r5_rate_limiting_e2e.TestR5RateLimitingBoundaryTier2" name="test_r5_boundary_zero_and_fractional_refill_rates" time="0.001" /><testcase classname="tests.e2e.test_r5_rate_limiting_e2e.TestR5RateLimitingBoundaryTier2" name="test_r5_retry_after_header_calculation" time="0.001" /><testcase classname="tests.e2e.test_r5_rate_limiting_e2e.TestR5RateLimitingBoundaryTier2" name="test_r5_config_file_rate_limit_integration" time="0.017" /><testcase classname="tests.e2e.test_r6_discord_watchdog_e2e.TestR6DiscordWatchdogFeatureTier1" name="test_r6_discord_slash_commands_functional" time="0.103" /><testcase classname="tests.e2e.test_r6_discord_watchdog_e2e.TestR6DiscordWatchdogFeatureTier1" name="test_r6_discord_rich_embed_generation" time="0.001" /><testcase classname="tests.e2e.test_r6_discord_watchdog_e2e.TestR6DiscordWatchdogFeatureTier1" name="test_r6_discord_unauthorized_user_fail_close" time="0.002" /><testcase classname="tests.e2e.test_r6_discord_watchdog_e2e.TestR6DiscordWatchdogFeatureTier1" name="test_r6_safety_gate_token_lifecycle" time="0.001" /><testcase classname="tests.e2e.test_r6_discord_watchdog_e2e.TestR6DiscordWatchdogFeatureTier1" name="test_r6_watchdog_single_crash_detection_and_restart" time="0.165" /><testcase classname="tests.e2e.test_r6_discord_watchdog_e2e.TestR6DiscordWatchdogBoundaryTier2" name="test_r6_watchdog_chaos_3x_random_kill_mttr_under_10s" time="0.328" /><testcase classname="tests.e2e.test_r6_discord_watchdog_e2e.TestR6DiscordWatchdogBoundaryTier2" name="test_r6_safety_gate_expired_token_rejection" time="0.202" /><testcase classname="tests.e2e.test_r6_discord_watchdog_e2e.TestR6DiscordWatchdogBoundaryTier2" name="test_r6_safety_gate_multilingual_affirmative_phrases" time="0.001" /><testcase classname="tests.e2e.test_r6_discord_watchdog_e2e.TestR6DiscordWatchdogBoundaryTier2" name="test_r6_discord_malformed_command_payloads" time="0.041" /><testcase classname="tests.e2e.test_r6_discord_watchdog_e2e.TestR6DiscordWatchdogBoundaryTier2" name="test_r6_watchdog_rapid_crash_loop_backoff_handling" time="0.165" /><testcase classname="tests.e2e.test_r7_stt_benchmark_e2e.TestR7STTBenchmarkFeatureTier1" name="test_r7_benchmark_results_doc_exists_and_valid" time="0.001" /><testcase classname="tests.e2e.test_r7_stt_benchmark_e2e.TestR7STTBenchmarkFeatureTier1" name="test_r7_benchmark_results_cuda_rtf_table" time="0.017" /><testcase classname="tests.e2e.test_r7_stt_benchmark_e2e.TestR7STTBenchmarkFeatureTier1" name="test_r7_mock_benchmark_data_properly_tagged" time="0.001" /><testcase classname="tests.e2e.test_r7_stt_benchmark_e2e.TestR7STTBenchmarkFeatureTier1" name="test_r7_stt_synthetic_audio_buffer_generation" time="0.018" /><testcase classname="tests.e2e.test_r7_stt_benchmark_e2e.TestR7STTBenchmarkFeatureTier1" name="test_r7_faster_whisper_engine_initialization_and_config" time="0.001" /><testcase classname="tests.e2e.test_r7_stt_benchmark_e2e.TestR7STTBenchmarkBoundaryTier2" name="test_r7_corner_zero_duration_and_pure_silence_audio" time="0.002" /><testcase classname="tests.e2e.test_r7_stt_benchmark_e2e.TestR7STTBenchmarkBoundaryTier2" name="test_r7_corner_extreme_audio_length_and_nan_handling" time="0.001" /><testcase classname="tests.e2e.test_r7_stt_benchmark_e2e.TestR7STTBenchmarkBoundaryTier2" name="test_r7_rtf_mathematical_calculation_consistency" time="0.001" /><testcase classname="tests.e2e.test_r7_stt_benchmark_e2e.TestR7STTBenchmarkBoundaryTier2" name="test_r7_multilingual_audio_transcript_handling" time="0.001" /><testcase classname="tests.e2e.test_r7_stt_benchmark_e2e.TestR7STTBenchmarkBoundaryTier2" name="test_r7_stt_engine_graceful_cuda_to_cpu_fallback" time="0.001" /><testcase classname="tests.e2e.test_tiers_1_to_4" name="test_r1_wake_word_acoustic_detection_happy_path" time="0.002" /><testcase classname="tests.e2e.test_tiers_1_to_4" name="test_r1_wake_word_triggers_overlay_and_voice" time="0.040" /><testcase classname="tests.e2e.test_tiers_1_to_4" name="test_r1_wake_word_coexists_with_double_clap" time="0.001" /><testcase classname="tests.e2e.test_tiers_1_to_4" name="test_r1_wake_word_tray_menu_toggle" time="0.001" /><testcase classname="tests.e2e.test_tiers_1_to_4" name="test_r1_wake_word_sensitivity_configuration" time="0.001" /><testcase classname="tests.e2e.test_tiers_1_to_4" name="test_r2_memory_store_and_retrieve_facts" time="0.063" /><testcase classname="tests.e2e.test_tiers_1_to_4" name="test_r2_memory_session_sliding_fifo_10_turns" time="0.030" /><testcase classname="tests.e2e.test_tiers_1_to_4" name="test_r2_memory_episodic_log_and_today_summary" time="0.062" /><testcase classname="tests.e2e.test_tiers_1_to_4" name="test_r2_memory_system_prompt_injection" time="0.052" /><testcase classname="tests.e2e.test_tiers_1_to_4" name="test_r2_memory_direct_vietnamese_commands" time="0.047" /><testcase classname="tests.e2e.test_tiers_1_to_4" name="test_r3_screen_capture_and_jpeg_compression" time="0.007" /><testcase classname="tests.e2e.test_tiers_1_to_4" name="test_r3_screen_vision_llm_analysis_happy_path" time="0.011" /><testcase classname="tests.e2e.test_tiers_1_to_4" name="test_r3_screen_dialog_detector_active_popup" time="0.002" /><testcase classname="tests.e2e.test_tiers_1_to_4" name="test_r3_screen_ocr_text_extraction" time="0.004" /><testcase classname="tests.e2e.test_tiers_1_to_4" name="test_r3_screen_summarize_document" time="0.001" /><testcase classname="tests.e2e.test_tiers_1_to_4" name="test_r4_window_orchestration_active_and_minimize" time="0.014" /><testcase classname="tests.e2e.test_tiers_1_to_4" name="test_r4_window_focus_and_close_tab" time="0.002" /><testcase classname="tests.e2e.test_tiers_1_to_4" name="test_r4_volume_and_brightness_adjustment" time="0.525" /><testcase classname="tests.e2e.test_tiers_1_to_4" name="test_r4_clipboard_copy_and_paste" time="0.003" /><testcase classname="tests.e2e.test_tiers_1_to_4" name="test_r4_bounded_file_search_and_folder_open" time="0.004" /><testcase classname="tests.e2e.test_tiers_1_to_4" name="test_r5_web_search_duckduckgo_and_summarize" time="0.002" /><testcase classname="tests.e2e.test_tiers_1_to_4" name="test_r5_weather_briefing_vietnamese" time="0.001" /><testcase classname="tests.e2e.test_tiers_1_to_4" name="test_r5_news_aggregator_top_headlines" time="0.001" /><testcase classname="tests.e2e.test_tiers_1_to_4" name="test_r5_crypto_and_currency_rates" time="0.001" /><testcase classname="tests.e2e.test_tiers_1_to_4" name="test_r5_morning_briefing_full_aggregation" time="1.065" /><testcase classname="tests.e2e.test_tiers_1_to_4" name="test_r6_smart_reminders_scheduler" time="0.001" /><testcase classname="tests.e2e.test_tiers_1_to_4" name="test_r6_hardware_health_monitor_thresholds" time="0.001" /><testcase classname="tests.e2e.test_tiers_1_to_4" name="test_r6_pomodoro_focus_mode_timer" time="0.001" /><testcase classname="tests.e2e.test_tiers_1_to_4" name="test_r6_8am_auto_briefing_scheduler" time="4.457" /><testcase classname="tests.e2e.test_tiers_1_to_4" name="test_r6_inactivity_greeting_trigger" time="0.001" /><testcase classname="tests.e2e.test_tiers_1_to_4" name="test_r7_nl_shell_dev_server_resolution" time="0.004" /><testcase classname="tests.e2e.test_tiers_1_to_4" name="test_r7_nl_shell_git_status_summarization" time="0.002" /><testcase classname="tests.e2e.test_tiers_1_to_4" name="test_r7_nl_shell_port_inspector" time="0.003" /><testcase classname="tests.e2e.test_tiers_1_to_4" name="test_r7_nl_shell_package_installer" time="0.003" /><testcase classname="tests.e2e.test_tiers_1_to_4" name="test_r7_nl_shell_stdout_summarization_large_output" time="0.004" /><testcase classname="tests.e2e.test_tiers_1_to_4" name="test_r8_overlay_state_fsm_lifecycle" time="0.002" /><testcase classname="tests.e2e.test_tiers_1_to_4" name="test_r8_overlay_breathing_dot_animation" time="0.001" /><testcase classname="tests.e2e.test_tiers_1_to_4" name="test_r8_overlay_typing_dots_animation" time="0.002" /><testcase classname="tests.e2e.test_tiers_1_to_4" name="test_r8_overlay_response_rendering_and_tooltip" time="0.002" /><testcase classname="tests.e2e.test_tiers_1_to_4" name="test_r8_overlay_history_and_user_text_tracking" time="0.002" /><testcase classname="tests.e2e.test_tiers_1_to_4" name="test_r2_r1_wake_word_empty_or_silent_audio" time="0.001" /><testcase classname="tests.e2e.test_tiers_1_to_4" name="test_r2_r1_wake_word_extreme_nan_inf_audio" time="0.001" /><testcase classname="tests.e2e.test_tiers_1_to_4" name="test_r2_r1_wake_word_continuous_high_noise" time="0.002" /><testcase classname="tests.e2e.test_tiers_1_to_4" name="test_r2_r1_wake_word_rapid_burst_debounce" time="0.001" /><testcase classname="tests.e2e.test_tiers_1_to_4" name="test_r2_r1_wake_word_disabled_state_ignores_input" time="0.001" /><testcase classname="tests.e2e.test_tiers_1_to_4" name="test_r2_r2_memory_empty_and_whitespace_keys" time="0.031" /><testcase classname="tests.e2e.test_tiers_1_to_4" name="test_r2_r2_memory_unicode_and_sql_injection_strings" time="0.080" /><testcase classname="tests.e2e.test_tiers_1_to_4" name="test_r2_r2_memory_session_overflow_100_turns" time="0.041" /><testcase classname="tests.e2e.test_tiers_1_to_4" name="test_r2_r2_memory_update_duplicate_fact_key" time="0.065" /><testcase classname="tests.e2e.test_tiers_1_to_4" name="test_r2_r2_memory_empty_today_episodes" time="0.029" /><testcase classname="tests.e2e.test_tiers_1_to_4" name="test_r2_r3_vision_missing_api_key_fallback" time="0.001" /><testcase classname="tests.e2e.test_tiers_1_to_4" name="test_r2_r3_vision_extreme_image_dimensions" time="0.006" /><testcase classname="tests.e2e.test_tiers_1_to_4" name="test_r2_r3_vision_zero_size_roi_or_corrupt_bytes" time="0.002" /><testcase classname="tests.e2e.test_tiers_1_to_4" name="test_r2_r3_vision_no_error_dialog_found" time="0.001" /><testcase classname="tests.e2e.test_tiers_1_to_4" name="test_r2_r3_vision_api_timeout_and_network_error" time="0.008" /><testcase classname="tests.e2e.test_tiers_1_to_4" name="test_r2_r4_volume_out_of_bounds_clamping" time="0.001" /><testcase classname="tests.e2e.test_tiers_1_to_4" name="test_r2_r4_volume_negative_delta_below_zero" time="0.002" /><testcase classname="tests.e2e.test_tiers_1_to_4" name="test_r2_r4_search_files_nonexistent_root_dir" time="0.001" /><testcase classname="tests.e2e.test_tiers_1_to_4" name="test_r2_r4_focus_window_nonexistent_pid_or_title" time="0.001" /><testcase classname="tests.e2e.test_tiers_1_to_4" name="test_r2_r4_resolve_folder_path_invalid_alias" time="0.001" /><testcase classname="tests.e2e.test_tiers_1_to_4" name="test_r2_r5_web_search_empty_or_whitespace_query" time="0.001" /><testcase classname="tests.e2e.test_tiers_1_to_4" name="test_r2_r5_ttl_cache_expiration_and_eviction" time="0.151" /><testcase classname="tests.e2e.test_tiers_1_to_4" name="test_r2_r5_weather_offline_and_invalid_city" time="0.001" /><testcase classname="tests.e2e.test_tiers_1_to_4" name="test_r2_r5_news_malformed_xml_rss_feed" time="0.001" /><testcase classname="tests.e2e.test_tiers_1_to_4" name="test_r2_r5_crypto_api_rate_limit_429_resilience" time="0.001" /><testcase classname="tests.e2e.test_tiers_1_to_4" name="test_r2_r6_reminder_zero_or_negative_delay" time="0.001" /><testcase classname="tests.e2e.test_tiers_1_to_4" name="test_r2_r6_disabled_proactive_config_toggles" time="0.001" /><testcase classname="tests.e2e.test_tiers_1_to_4" name="test_r2_r6_battery_alert_boundary_levels" time="0.001" /><testcase classname="tests.e2e.test_tiers_1_to_4" name="test_r2_r6_inactivity_timer_reset_on_activity" time="0.001" /><testcase classname="tests.e2e.test_tiers_1_to_4" name="test_r2_r6_hardware_monitor_none_sensor_data" time="0.004" /><testcase classname="tests.e2e.test_tiers_1_to_4" name="test_r2_r7_destructive_command_safety_gate_intercept" time="0.004" /><testcase classname="tests.e2e.test_tiers_1_to_4" name="test_r2_r7_safety_gate_rejection_phrase" time="0.001" /><testcase classname="tests.e2e.test_tiers_1_to_4" name="test_r2_r7_safety_gate_token_expiration_after_30s" time="0.151" /><testcase classname="tests.e2e.test_tiers_1_to_4" name="test_r2_r7_shell_command_timeout_protection" time="0.004" /><testcase classname="tests.e2e.test_tiers_1_to_4" name="test_r2_r7_git_status_non_git_directory" time="0.127" /><testcase classname="tests.e2e.test_tiers_1_to_4" name="test_r2_r8_overlay_rapid_state_switching_stress" time="0.002" /><testcase classname="tests.e2e.test_tiers_1_to_4" name="test_r2_r8_overlay_long_response_text_truncation" time="0.002" /><testcase classname="tests.e2e.test_tiers_1_to_4" name="test_r2_r8_overlay_headless_mode_resilience" time="0.002" /><testcase classname="tests.e2e.test_tiers_1_to_4" name="test_r2_r8_overlay_double_start_and_destroy_idempotent" time="0.003" /><testcase classname="tests.e2e.test_tiers_1_to_4" name="test_r2_r8_overlay_special_characters_and_empty_prompt" time="0.002" /><testcase classname="tests.e2e.test_tiers_1_to_4" name="test_tier3_wake_word_to_memory_recall_to_shell_execution" time="0.128" /><testcase classname="tests.e2e.test_tiers_1_to_4" name="test_tier3_vision_error_dialog_to_web_search_to_tts" time="0.001" /><testcase classname="tests.e2e.test_tiers_1_to_4" name="test_tier3_focus_mode_to_dev_server_to_reminder_alert" time="0.004" /><testcase classname="tests.e2e.test_tiers_1_to_4" name="test_tier3_morning_briefing_to_memory_facts_to_overlay" time="6.225" /><testcase classname="tests.e2e.test_tiers_1_to_4" name="test_tier3_memory_fact_save_to_llm_system_prompt_to_volume_control" time="0.045" /><testcase classname="tests.e2e.test_tiers_1_to_4" name="test_tier3_hardware_overheat_to_proactive_alert_to_overlay_status" time="0.002" /><testcase classname="tests.e2e.test_tiers_1_to_4" name="test_tier3_destructive_shell_to_safety_gate_confirm_to_episodic_log" time="0.062" /><testcase classname="tests.e2e.test_tiers_1_to_4" name="test_tier3_screen_document_summary_to_clipboard_to_voice" time="0.004" /><testcase classname="tests.e2e.test_tiers_1_to_4" name="test_tier4_full_morning_routine_workflow" time="4.487" /><testcase classname="tests.e2e.test_tiers_1_to_4" name="test_tier4_developer_workflow_session" time="0.029" /><testcase classname="tests.e2e.test_tiers_1_to_4" name="test_tier4_screen_troubleshooting_workflow" time="0.038" /><testcase classname="tests.e2e.test_tiers_1_to_4" name="test_tier4_hardware_alert_and_crisis_mitigation_workflow" time="0.003" /><testcase classname="tests.e2e.test_tiers_1_to_4" name="test_tier4_personal_ai_preference_adaptation_workflow" time="0.074" /><testcase classname="tests.integration.test_package_version_build" name="test_built_wheel_version_matches_runtime_version" time="2.774" /><testcase classname="tests.integration.test_sandbox_os_boundaries.TestOSLevelProcessIsolation" name="test_adversarial_io_open_bypass_blocked" time="0.152" /><testcase classname="tests.integration.test_sandbox_os_boundaries.TestOSLevelProcessIsolation" name="test_adversarial_os_open_bypass_blocked" time="0.156" /><testcase classname="tests.integration.test_sandbox_os_boundaries.TestOSLevelProcessIsolation" name="test_adversarial_closure_introspection_blocked" time="0.141" /><testcase classname="tests.integration.test_sandbox_os_boundaries.TestOSLevelProcessIsolation" name="test_adversarial_mic_kernel_write_denied" time="0.207" /><testcase classname="tests.integration.test_sandbox_os_boundaries.TestOSLevelProcessIsolation" name="test_adversarial_precached_module_import_blocked" time="0.145" /><testcase classname="tests.integration.test_sandbox_os_boundaries.TestOSLevelProcessIsolation" name="test_adversarial_com_automation_network_bypass_blocked" time="0.143" /><testcase classname="tests.integration.test_sandbox_os_boundaries.TestOSLevelProcessIsolation" name="test_adversarial_win32api_dll_injection_bypass_blocked" time="0.147" /><testcase classname="tests.integration.test_sandbox_os_boundaries.TestOSLevelProcessIsolation" name="test_adversarial_import_jarvis_internals_blocked" time="0.134" /><testcase classname="tests.integration.test_sandbox_os_boundaries.TestOSLevelProcessIsolation" name="test_adversarial_del_sys_modules_meta_path_reimport_blocked" time="0.126" /><testcase classname="tests.integration.test_sandbox_os_boundaries.TestOSLevelProcessIsolation" name="test_adversarial_dynamic_reflection_ctypes_blocked" time="0.133" /><testcase classname="tests.integration.test_sandbox_os_boundaries.TestOSLevelProcessIsolation" name="test_adversarial_arbitrary_read_outside_sandbox_blocked" time="0.149" /><testcase classname="tests.integration.test_sandbox_os_boundaries.TestOSLevelProcessIsolation" name="test_child_process_spawn_blocked_by_job_object" time="0.147" /><testcase classname="tests.integration.test_sandbox_os_boundaries.TestOSLevelProcessIsolation" name="test_environment_scrubbing_eliminates_secrets" time="0.131" /><testcase classname="tests.integration.test_sandbox_os_boundaries.TestOSLevelProcessIsolation" name="test_hard_timeout_terminates_infinite_loop" time="1.573" /><testcase classname="tests.integration.test_sandbox_os_boundaries.TestOSLevelProcessIsolation" name="test_stdout_flood_protection_caps_output" time="0.147" /><testcase classname="tests.integration.test_sandbox_os_boundaries.TestOSLevelProcessIsolation" name="test_globals_class_level_blocked" time="0.138" /><testcase classname="tests.integration.test_sandbox_os_boundaries.TestOSLevelProcessIsolation" name="test_adversarial_appcontainer_socket_kernel_blocked" time="14.251" /><testcase classname="tests.test_adversarial_challenger_1" name="test_r1_adversarial_continuous_noise_rejection" time="0.621" /><testcase classname="tests.test_adversarial_challenger_1" name="test_r1_adversarial_impulse_claps_rejection" time="0.012" /><testcase classname="tests.test_adversarial_challenger_1" name="test_r1_adversarial_high_frequency_tones_rejection" time="0.058" /><testcase classname="tests.test_adversarial_challenger_1" name="test_r1_adversarial_rapid_burst_streaming_ingestion" time="0.239" /><testcase classname="tests.test_adversarial_challenger_1" name="test_r1_adversarial_sensitivity_and_tray_toggle_stress" time="0.088" /><testcase classname="tests.test_adversarial_challenger_1" name="test_r2_adversarial_sqlite_wal_multithreaded_concurrency" time="18.415" /><testcase classname="tests.test_adversarial_challenger_1" name="test_r2_adversarial_100_turn_flooding_fifo_eviction" time="0.001" /><testcase classname="tests.test_adversarial_challenger_1" name="test_r2_adversarial_sqli_strings_in_facts_and_episodes" time="0.303" /><testcase classname="tests.test_adversarial_challenger_1" name="test_r2_adversarial_vietnamese_phrasing_variations" time="0.086" /><testcase classname="tests.test_adversarial_challenger_1" name="test_r3_adversarial_capture_mocked_bounds_and_large_resolutions" time="0.330" /><testcase classname="tests.test_adversarial_challenger_1" name="test_r3_adversarial_invalid_roi_crop_coordinates" time="0.017" /><testcase classname="tests.test_adversarial_challenger_1" name="test_r3_adversarial_missing_api_key_fallbacks" time="0.001" /><testcase classname="tests.test_adversarial_challenger_1" name="test_r3_adversarial_dialog_detector_complex_trees" time="0.004"><failure message="AssertionError: assert 'error' == 'critical'&#10;  &#10;  - critical&#10;  + error">E   AssertionError: assert 'error' == 'critical'
      
      - critical
      + error</failure></testcase><testcase classname="tests.test_adversarial_challenger_1" name="test_r4_adversarial_volume_and_brightness_boundary_clamping" time="1.662" /><testcase classname="tests.test_adversarial_challenger_1" name="test_r4_adversarial_deep_nested_file_search_and_restricted_dirs" time="0.012" /><testcase classname="tests.test_adversarial_challenger_1" name="test_r4_adversarial_safety_gate_token_expiry_rejection_and_concurrency" time="0.155" /><testcase classname="tests.test_adversarial_harness" name="test_dsp_rms_power_precision_and_linearity" time="0.059" /><testcase classname="tests.test_adversarial_harness" name="test_dsp_int16_quantization_and_dynamic_range" time="0.004" /><testcase classname="tests.test_adversarial_harness" name="test_dsp_exponential_decay_envelope_fidelity" time="0.004" /><testcase classname="tests.test_adversarial_harness" name="test_dsp_multi_clap_sequence_timing_accuracy" time="0.003" /><testcase classname="tests.test_adversarial_harness" name="test_dsp_triple_clap_and_clap_pause_clap" time="0.003" /><testcase classname="tests.test_adversarial_harness" name="test_dsp_noise_floor_ema_step_adaptation" time="0.052" /><testcase classname="tests.test_adversarial_harness" name="test_dsp_chunk_stream_slicing" time="0.001" /><testcase classname="tests.test_adversarial_harness" name="test_dsp_adversarial_boundary_inputs" time="0.001" /><testcase classname="tests.test_adversarial_harness" name="test_win32_workstation_lock_safety" time="0.001" /><testcase classname="tests.test_adversarial_harness" name="test_win32_process_termination_safety" time="0.001" /><testcase classname="tests.test_adversarial_harness" name="test_win32_keystroke_and_input_interception" time="0.001" /><testcase classname="tests.test_adversarial_harness" name="test_win32_window_management_interception" time="0.001" /><testcase classname="tests.test_adversarial_harness" name="test_win32_mock_winreg_isolation" time="0.001" /><testcase classname="tests.test_adversarial_harness" name="test_fixture_isolation_mock_audio_stream_lifecycle" time="0.123" /><testcase classname="tests.test_adversarial_harness" name="test_fixture_isolation_mock_audio_stream_sync_read" time="0.001" /><testcase classname="tests.test_adversarial_harness" name="test_fixture_isolation_http_server_reset" time="0.401" /><testcase classname="tests.test_adversarial_harness" name="test_fixture_isolation_hardware_provider_reset" time="0.001"><error message="failed on setup with &quot;ModuleNotFoundError: No module named 'psutil'&quot;">E   ModuleNotFoundError: No module named 'psutil'</error></testcase><testcase classname="tests.test_adversarial_harness" name="test_fixture_isolation_camera_feed_reset" time="0.002"><error message="failed on setup with &quot;ModuleNotFoundError: No module named 'cv2'&quot;">E   ModuleNotFoundError: No module named 'cv2'</error></testcase><testcase classname="tests.test_adversarial_m1" name="test_config_manager_extreme_concurrency_25_threads" time="1.410" /><testcase classname="tests.test_adversarial_m1" name="test_config_watcher_rapid_mutations_and_syntax_corruption_resilience" time="2.894" /><testcase classname="tests.test_adversarial_m1" name="test_logger_heavy_concurrent_rotation_10_threads_5000_records" time="0.831" /><testcase classname="tests.test_adversarial_m1" name="test_cli_invalid_subcommand_exit" time="0.003" /><testcase classname="tests.test_adversarial_m1" name="test_cli_corrupted_config_argument" time="0.021" /><testcase classname="tests.test_adversarial_m1" name="test_cli_nonexistent_config_file_graceful_fallback" time="0.610" /><testcase classname="tests.test_adversarial_m1" name="test_cli_invalid_log_level" time="0.002" /><testcase classname="tests.test_adversarial_m1" name="test_cli_safe_print_unicode_fallback" time="0.001" /><testcase classname="tests.test_adversarial_m1" name="test_config_deep_overwrite_and_invalid_env_types" time="0.046" /><testcase classname="tests.test_adversarial_m1" name="test_config_watcher_deleted_file_resilience" time="1.744" /><testcase classname="tests.test_adversarial_m1" name="test_event_bus_concurrent_wildcard_dispatch_and_unsub" time="0.020" /><testcase classname="tests.test_adversarial_m1" name="test_action_dispatcher_privilege_enforcement_and_timeout" time="0.067" /><testcase classname="tests.test_adversarial_m1" name="test_plugin_registry_circular_dependency_detection" time="0.001" /><testcase classname="tests.test_adversarial_m1" name="test_plugin_registry_lifecycle_error_isolation" time="0.001" /><testcase classname="tests.test_adversarial_m1_intent_router.TestR1AcceptanceCriteria" name="test_r1_ac1_open_project" time="0.013" /><testcase classname="tests.test_adversarial_m1_intent_router.TestR1AcceptanceCriteria" name="test_r1_ac2_create_workspace" time="0.002" /><testcase classname="tests.test_adversarial_m1_intent_router.TestR1AcceptanceCriteria" name="test_r1_ac3_list_projects" time="0.002" /><testcase classname="tests.test_adversarial_m1_intent_router.TestR1AcceptanceCriteria" name="test_r1_ac4_git_status" time="0.001" /><testcase classname="tests.test_adversarial_m1_intent_router.TestAdversarialPunctuation" name="test_punctuation_tolerance[M\u1edf d\u1ef1 \xe1n jarvis!-workspace_prepare]" time="0.001" /><testcase classname="tests.test_adversarial_m1_intent_router.TestAdversarialPunctuation" name="test_punctuation_tolerance[M\u1edf d\u1ef1 \xe1n jarvis...-workspace_prepare]" time="0.002" /><testcase classname="tests.test_adversarial_m1_intent_router.TestAdversarialPunctuation" name="test_punctuation_tolerance[m\u1edf d\u1ef1 \xe1n jarvis???-workspace_prepare]" time="0.003" /><testcase classname="tests.test_adversarial_m1_intent_router.TestAdversarialPunctuation" name="test_punctuation_tolerance[Jarvis, m\u1edf d\u1ef1 \xe1n: 'JARVIS-PRO'-workspace_prepare]" time="0.002" /><testcase classname="tests.test_adversarial_m1_intent_router.TestAdversarialPunctuation" name="test_punctuation_tolerance[  [m\u1edf d\u1ef1 \xe1n jarvis]  -workspace_prepare]" time="0.004" /><testcase classname="tests.test_adversarial_m1_intent_router.TestAdversarialPunctuation" name="test_punctuation_tolerance[t\u1ea1o workspace m\u1edbi!!!-project_create]" time="0.003" /><testcase classname="tests.test_adversarial_m1_intent_router.TestAdversarialPunctuation" name="test_punctuation_tolerance[t\u1ea1o project m\u1edbi...-project_create]" time="0.002" /><testcase classname="tests.test_adversarial_m1_intent_router.TestAdversarialPunctuation" name="test_punctuation_tolerance[li\u1ec7t k\xea d\u1ef1 \xe1n???-project_list]" time="0.002" /><testcase classname="tests.test_adversarial_m1_intent_router.TestAdversarialPunctuation" name="test_punctuation_tolerance[show projects!-project_list]" time="0.002" /><testcase classname="tests.test_adversarial_m1_intent_router.TestAdversarialPunctuation" name="test_punctuation_tolerance[git status d\u1ef1 \xe1n.-skill_git_assistant]" time="0.002" /><testcase classname="tests.test_adversarial_m1_intent_router.TestAdversarialPunctuation" name="test_punctuation_tolerance[git commit d\u1ef1 \xe1n!-skill_git_assistant]" time="0.002" /><testcase classname="tests.test_adversarial_m1_intent_router.TestAdversarialPunctuation" name="test_punctuation_tolerance[git push project...-skill_git_assistant]" time="0.001" /><testcase classname="tests.test_adversarial_m1_intent_router.TestAdversarialCasing" name="test_casing_variations[M\u1ede D\u1ef0 \xc1N JARVIS-workspace_prepare]" time="0.001" /><testcase classname="tests.test_adversarial_m1_intent_router.TestAdversarialCasing" name="test_casing_variations[M\u1edf D\u1ef1 \xc1n Jarvis-workspace_prepare]" time="0.002" /><testcase classname="tests.test_adversarial_m1_intent_router.TestAdversarialCasing" name="test_casing_variations[m\u1ede d\u1ef0 \xe1N jArViS-workspace_prepare]" time="0.002" /><testcase classname="tests.test_adversarial_m1_intent_router.TestAdversarialCasing" name="test_casing_variations[SWITCH SANG PROJECT CORE-workspace_prepare]" time="0.003" /><testcase classname="tests.test_adversarial_m1_intent_router.TestAdversarialCasing" name="test_casing_variations[T\u1ea0O WORKSPACE M\u1edaI-project_create]" time="0.002" /><testcase classname="tests.test_adversarial_m1_intent_router.TestAdversarialCasing" name="test_casing_variations[T\u1ea1o Project T\xean BACKEND_V2-project_create]" time="0.002" /><testcase classname="tests.test_adversarial_m1_intent_router.TestAdversarialCasing" name="test_casing_variations[LI\u1ec6T K\xca D\u1ef0 \xc1N-project_list]" time="0.001" /><testcase classname="tests.test_adversarial_m1_intent_router.TestAdversarialCasing" name="test_casing_variations[SHOW PROJECTS-project_list]" time="0.002" /><testcase classname="tests.test_adversarial_m1_intent_router.TestAdversarialCasing" name="test_casing_variations[C\xc1C PROJECT \u0110ANG C\xd3-project_list]" time="0.001" /><testcase classname="tests.test_adversarial_m1_intent_router.TestAdversarialCasing" name="test_casing_variations[GIT STATUS D\u1ef0 \xc1N-skill_git_assistant]" time="0.001" /><testcase classname="tests.test_adversarial_m1_intent_router.TestAdversarialCasing" name="test_casing_variations[GIT COMMIT D\u1ef0 \xc1N-skill_git_assistant]" time="0.001" /><testcase classname="tests.test_adversarial_m1_intent_router.TestAdversarialCasing" name="test_casing_variations[GIT PUSH PROJECT-skill_git_assistant]" time="0.002" /><testcase classname="tests.test_adversarial_m1_intent_router.TestConversationalPrefixesAndSuffixes" name="test_conversational_prefixes[jarvis m\u1edf d\u1ef1 \xe1n web_app-workspace_prepare]" time="0.001" /><testcase classname="tests.test_adversarial_m1_intent_router.TestConversationalPrefixesAndSuffixes" name="test_conversational_prefixes[jarvis, m\u1edf d\u1ef1 \xe1n mobile-workspace_prepare]" time="0.001" /><testcase classname="tests.test_adversarial_m1_intent_router.TestConversationalPrefixesAndSuffixes" name="test_conversational_prefixes[jarvis switch sang project dev-workspace_prepare]" time="0.001" /><testcase classname="tests.test_adversarial_m1_intent_router.TestConversationalPrefixesAndSuffixes" name="test_conversational_prefixes[jarvis t\u1ea1o workspace t\xean demo-project_create]" time="0.002" /><testcase classname="tests.test_adversarial_m1_intent_router.TestConversationalPrefixesAndSuffixes" name="test_conversational_prefixes[jarvis show projects-project_list]" time="0.001" /><testcase classname="tests.test_adversarial_m1_intent_router.TestConversationalPrefixesAndSuffixes" name="test_conversational_prefixes[jarvis git status d\u1ef1 \xe1n-skill_git_assistant]" time="0.002" /><testcase classname="tests.test_adversarial_m1_intent_router.TestConversationalPrefixesAndSuffixes" name="test_conversational_prefixes[jarvis git commit d\u1ef1 \xe1n-skill_git_assistant]" time="0.001" /><testcase classname="tests.test_adversarial_m1_intent_router.TestConversationalPrefixesAndSuffixes" name="test_conversational_prefixes[jarvis git push project-skill_git_assistant]" time="0.002" /><testcase classname="tests.test_adversarial_m1_intent_router.TestConversationalPrefixesAndSuffixes" name="test_conversational_prefixes[chuy\u1ec3n sang workspace analytics-workspace_prepare]" time="0.002" /><testcase classname="tests.test_adversarial_m1_intent_router.TestConversationalPrefixesAndSuffixes" name="test_conversational_prefixes[switch to project frontend-workspace_prepare]" time="0.002" /><testcase classname="tests.test_adversarial_m1_intent_router.TestConversationalPrefixesAndSuffixes" name="test_conversational_prefixes[t\u1ea1o d\u1ef1 \xe1n test_repo-project_create]" time="0.001" /><testcase classname="tests.test_adversarial_m1_intent_router.TestConversationalPrefixesAndSuffixes" name="test_conversational_prefixes[kh\u1edfi t\u1ea1o d\u1ef1 \xe1n microservices-project_create]" time="0.002" /><testcase classname="tests.test_adversarial_m1_intent_router.TestConversationalPrefixesAndSuffixes" name="test_conversational_prefixes[create project fast_api-project_create]" time="0.001" /><testcase classname="tests.test_adversarial_m1_intent_router.TestParametricExtractionIntegrity" name="test_open_project_extraction" time="0.001" /><testcase classname="tests.test_adversarial_m1_intent_router.TestParametricExtractionIntegrity" name="test_create_project_extraction" time="0.002" /><testcase classname="tests.test_adversarial_m1_intent_router.TestParametricExtractionIntegrity" name="test_git_operations_extraction" time="0.001" /><testcase classname="tests.test_adversarial_m1_intent_router.TestExtremeEdgeCases" name="test_empty_and_whitespace_inputs" time="0.002" /><testcase classname="tests.test_adversarial_m1_intent_router.TestExtremeEdgeCases" name="test_emoji_and_symbol_only_inputs" time="0.001" /><testcase classname="tests.test_adversarial_m1_intent_router.TestExtremeEdgeCases" name="test_number_only_inputs" time="0.001" /><testcase classname="tests.test_adversarial_m1_intent_router.TestExtremeEdgeCases" name="test_huge_input_redos_resistance" time="0.002" /><testcase classname="tests.test_adversarial_m1_intent_router.TestExtremeEdgeCases" name="test_repetitive_nested_regex_stress" time="0.005" /><testcase classname="tests.test_adversarial_m1_intent_router.TestFalsePositiveIsolation" name="test_existing_core_intents_unaffected[bat den phong khach-home_assistant_call]" time="0.003"><failure message="AssertionError: False positive collision: 'bat den phong khach' routed to generic_llm_response&#10;assert 'generic_llm_response' == 'home_assistant_call'&#10;  &#10;  - home_assistant_call&#10;  + generic_llm_response">E   AssertionError: False positive collision: 'bat den phong khach' routed to generic_llm_response
    assert 'generic_llm_response' == 'home_assistant_call'
      
      - home_assistant_call
      + generic_llm_response</failure></testcase><testcase classname="tests.test_adversarial_m1_intent_router.TestFalsePositiveIsolation" name="test_existing_core_intents_unaffected[tat quat phong khach-home_assistant_call]" time="0.005"><failure message="AssertionError: False positive collision: 'tat quat phong khach' routed to generic_llm_response&#10;assert 'generic_llm_response' == 'home_assistant_call'&#10;  &#10;  - home_assistant_call&#10;  + generic_llm_response">E   AssertionError: False positive collision: 'tat quat phong khach' routed to generic_llm_response
    assert 'generic_llm_response' == 'home_assistant_call'
      
      - home_assistant_call
      + generic_llm_response</failure></testcase><testcase classname="tests.test_adversarial_m1_intent_router.TestFalsePositiveIsolation" name="test_existing_core_intents_unaffected[kiem tra nhiet do cpu-hardware_telemetry_check]" time="0.004" /><testcase classname="tests.test_adversarial_m1_intent_router.TestFalsePositiveIsolation" name="test_existing_core_intents_unaffected[tinh trang he thong-hardware_status_query]" time="0.002"><failure message="AssertionError: False positive collision: 'tinh trang he thong' routed to generic_llm_response&#10;assert 'generic_llm_response' == 'hardware_status_query'&#10;  &#10;  - hardware_status_query&#10;  + generic_llm_response">E   AssertionError: False positive collision: 'tinh trang he thong' routed to generic_llm_response
    assert 'generic_llm_response' == 'hardware_status_query'
      
      - hardware_status_query
      + generic_llm_response</failure></testcase><testcase classname="tests.test_adversarial_m1_intent_router.TestFalsePositiveIsolation" name="test_existing_core_intents_unaffected[mo spotify-spotify]" time="0.002" /><testcase classname="tests.test_adversarial_m1_intent_router.TestFalsePositiveIsolation" name="test_existing_core_intents_unaffected[thoi tiet ha noi-shell_exec]" time="0.003"><failure message="AssertionError: False positive collision: 'thoi tiet ha noi' routed to generic_llm_response&#10;assert 'generic_llm_response' == 'shell_exec'&#10;  &#10;  - shell_exec&#10;  + generic_llm_response">E   AssertionError: False positive collision: 'thoi tiet ha noi' routed to generic_llm_response
    assert 'generic_llm_response' == 'shell_exec'
      
      - shell_exec
      + generic_llm_response</failure></testcase><testcase classname="tests.test_adversarial_m1_intent_router.TestFalsePositiveIsolation" name="test_existing_core_intents_unaffected[tat may tinh-system_power]" time="0.003"><failure message="AssertionError: False positive collision: 'tat may tinh' routed to generic_llm_response&#10;assert 'generic_llm_response' == 'system_power'&#10;  &#10;  - system_power&#10;  + generic_llm_response">E   AssertionError: False positive collision: 'tat may tinh' routed to generic_llm_response
    assert 'generic_llm_response' == 'system_power'
      
      - system_power
      + generic_llm_response</failure></testcase><testcase classname="tests.test_adversarial_m1_intent_router.TestFalsePositiveIsolation" name="test_existing_core_intents_unaffected[mo chrome-app_open]" time="0.002"><failure message="AssertionError: False positive collision: 'mo chrome' routed to generic_llm_response&#10;assert 'generic_llm_response' == 'app_open'&#10;  &#10;  - app_open&#10;  + generic_llm_response">E   AssertionError: False positive collision: 'mo chrome' routed to generic_llm_response
    assert 'generic_llm_response' == 'app_open'
      
      - app_open
      + generic_llm_response</failure></testcase><testcase classname="tests.test_adversarial_m1_intent_router.TestFalsePositiveIsolation" name="test_existing_core_intents_unaffected[mo youtube-web_open]" time="0.003"><failure message="AssertionError: False positive collision: 'mo youtube' routed to generic_llm_response&#10;assert 'generic_llm_response' == 'web_open'&#10;  &#10;  - web_open&#10;  + generic_llm_response">E   AssertionError: False positive collision: 'mo youtube' routed to generic_llm_response
    assert 'generic_llm_response' == 'web_open'
      
      - web_open
      + generic_llm_response</failure></testcase><testcase classname="tests.test_adversarial_m1_intent_router.TestFalsePositiveIsolation" name="test_existing_core_intents_unaffected[mo thu muc downloads-folder_open]" time="0.003"><failure message="AssertionError: False positive collision: 'mo thu muc downloads' routed to generic_llm_response&#10;assert 'generic_llm_response' == 'folder_open'&#10;  &#10;  - folder_open&#10;  + generic_llm_response">E   AssertionError: False positive collision: 'mo thu muc downloads' routed to generic_llm_response
    assert 'generic_llm_response' == 'folder_open'
      
      - folder_open
      + generic_llm_response</failure></testcase><testcase classname="tests.test_adversarial_m1_intent_router.TestFalsePositiveIsolation" name="test_existing_core_intents_unaffected[chup man hinh-screen_capture]" time="0.002"><failure message="AssertionError: False positive collision: 'chup man hinh' routed to generic_llm_response&#10;assert 'generic_llm_response' == 'screen_capture'&#10;  &#10;  - screen_capture&#10;  + generic_llm_response">E   AssertionError: False positive collision: 'chup man hinh' routed to generic_llm_response
    assert 'generic_llm_response' == 'screen_capture'
      
      - screen_capture
      + generic_llm_response</failure></testcase><testcase classname="tests.test_adversarial_m1_intent_router.TestFalsePositiveIsolation" name="test_existing_core_intents_unaffected[tang am luong-system_volume]" time="0.002"><failure message="AssertionError: False positive collision: 'tang am luong' routed to generic_llm_response&#10;assert 'generic_llm_response' == 'system_volume'&#10;  &#10;  - system_volume&#10;  + generic_llm_response">E   AssertionError: False positive collision: 'tang am luong' routed to generic_llm_response
    assert 'generic_llm_response' == 'system_volume'
      
      - system_volume
      + generic_llm_response</failure></testcase><testcase classname="tests.test_adversarial_m1_intent_router.TestTier3ExceptionFallback" name="test_llm_exception_fallback_to_project_rules" time="0.003" /><testcase classname="tests.test_adversarial_m1_intent_router.TestFastPathPerformance" name="test_sub_millisecond_classification_speed" time="0.042" /><testcase classname="tests.test_adversarial_m2_audio_gesture" name="test_rms_silence_and_empty_inputs" time="0.002" /><testcase classname="tests.test_adversarial_m2_audio_gesture" name="test_rms_pure_sine_frequencies" time="0.002" /><testcase classname="tests.test_adversarial_m2_audio_gesture" name="test_rms_dc_offset" time="0.001" /><testcase classname="tests.test_adversarial_m2_audio_gesture" name="test_rms_square_and_triangle_waves" time="0.002" /><testcase classname="tests.test_adversarial_m2_audio_gesture" name="test_rms_int16_boundaries_and_saturation" time="0.001" /><testcase classname="tests.test_adversarial_m2_audio_gesture" name="test_rms_nan_inf_injection_matrix" time="0.001" /><testcase classname="tests.test_adversarial_m2_audio_gesture" name="test_rms_multichannel_downmix_dimensions" time="0.002" /><testcase classname="tests.test_adversarial_m2_audio_gesture" name="test_noise_floor_slow_adaptation_and_convergence" time="0.001" /><testcase classname="tests.test_adversarial_m2_audio_gesture" name="test_noise_floor_quiet_gate_boundary_precision" time="0.001" /><testcase classname="tests.test_adversarial_m2_audio_gesture" name="test_noise_floor_clamps_min_max" time="0.001" /><testcase classname="tests.test_adversarial_m2_audio_gesture" name="test_schmitt_trigger_hysteresis_exact_threshold_boundaries" time="0.001" /><testcase classname="tests.test_adversarial_m2_audio_gesture" name="test_dsp_processor_snr_safety_under_extreme_dynamics" time="0.002" /><testcase classname="tests.test_adversarial_m2_audio_gesture" name="test_double_clap_exact_timing_boundaries" time="0.003" /><testcase classname="tests.test_adversarial_m2_audio_gesture" name="test_syncopated_clap_pause_clap_2_clap_permutations" time="0.002" /><testcase classname="tests.test_adversarial_m2_audio_gesture" name="test_rapid_multi_clap_chatter_suppression_hardened" time="0.003" /><testcase classname="tests.test_adversarial_m2_audio_gesture" name="test_dead_zone_interval_resets_buffer_cleanly" time="0.002" /><testcase classname="tests.test_adversarial_m2_audio_gesture" name="test_float_epsilon_tolerance_exact_boundaries" time="0.002" /><testcase classname="tests.test_adversarial_m2_audio_gesture" name="test_concurrent_clap_feeding_and_tick_thread_safety" time="0.031" /><testcase classname="tests.test_adversarial_m2_audio_gesture" name="test_probe_manager_empty_and_silent_devices" time="0.001" /><testcase classname="tests.test_adversarial_m2_audio_gesture" name="test_probe_manager_override_substring_and_integer" time="0.001" /><testcase classname="tests.test_adversarial_m2_audio_gesture" name="test_audio_engine_feed_virtual_audio_alias" time="0.042" /><testcase classname="tests.test_adversarial_m2_llm_router" name="test_adversarial_empty_and_whitespace_inputs" time="2.828" /><testcase classname="tests.test_adversarial_m2_llm_router" name="test_adversarial_emoji_and_symbol_inputs" time="0.002"><failure message="AssertionError: assert 'generic_llm_response' == 'unknown_intent'&#10;  &#10;  - unknown_intent&#10;  + generic_llm_response">E   AssertionError: assert 'generic_llm_response' == 'unknown_intent'
      
      - unknown_intent
      + generic_llm_response</failure></testcase><testcase classname="tests.test_adversarial_m2_llm_router" name="test_adversarial_regex_special_characters" time="0.005" /><testcase classname="tests.test_adversarial_m2_llm_router" name="test_adversarial_numbers_and_numeric_strings" time="0.002" /><testcase classname="tests.test_adversarial_m2_llm_router" name="test_adversarial_massive_strings_and_redos_resistance" time="0.011" /><testcase classname="tests.test_adversarial_m2_llm_router" name="test_latency_single_query_under_5ms_benchmark" time="0.031" /><testcase classname="tests.test_adversarial_m2_llm_router" name="test_stress_concurrent_parse_intent_multithreaded" time="0.030" /><testcase classname="tests.test_adversarial_m2_llm_router" name="test_stress_concurrent_app_process_text_command" time="7.117" /><testcase classname="tests.test_adversarial_m2_llm_router" name="test_pipeline_integration_category1_smart_home" time="2.128" /><testcase classname="tests.test_adversarial_m2_llm_router" name="test_pipeline_integration_category2_hardware_telemetry" time="2.240" /><testcase classname="tests.test_adversarial_m2_llm_router" name="test_pipeline_integration_category3_spotify" time="2.184" /><testcase classname="tests.test_adversarial_m2_llm_router" name="test_pipeline_integration_category4_weather" time="2.659" /><testcase classname="tests.test_adversarial_m2_llm_router" name="test_pipeline_integration_category5_reminder" time="2.134" /><testcase classname="tests.test_adversarial_m2_llm_router" name="test_pipeline_integration_category6_power_safety" time="2.143" /><testcase classname="tests.test_adversarial_m2_llm_router" name="test_pipeline_integration_category7_fallback" time="2.799" /><testcase classname="tests.test_adversarial_m3_challenger1" name="test_stt_silence_and_zero_inputs_rejection" time="0.001" /><testcase classname="tests.test_adversarial_m3_challenger1" name="test_stt_extreme_noise_and_clipping" time="0.002" /><testcase classname="tests.test_adversarial_m3_challenger1" name="test_stt_multiple_voice_bursts_and_vad_segmentation" time="0.008" /><testcase classname="tests.test_adversarial_m3_challenger1" name="test_stt_buffer_overflow_and_large_memory_safety" time="0.321" /><testcase classname="tests.test_adversarial_m3_challenger1" name="test_stt_corrupt_and_adversarial_audio_inputs" time="0.003" /><testcase classname="tests.test_adversarial_m3_challenger1" name="test_stt_multichannel_and_resampling" time="0.004" /><testcase classname="tests.test_adversarial_m3_challenger1" name="test_stt_provider_fallback_cascading" time="0.003" /><testcase classname="tests.test_adversarial_m3_challenger1" name="test_vad_threshold_detection_and_hysteresis" time="0.001" /><testcase classname="tests.test_adversarial_m3_challenger1" name="test_vad_pre_speech_ring_buffer_preservation" time="0.006" /><testcase classname="tests.test_adversarial_m3_challenger1" name="test_vad_max_speech_duration_hard_cutoff" time="0.004" /><testcase classname="tests.test_adversarial_m3_challenger1" name="test_vad_streaming_transcription_generator" time="0.008" /><testcase classname="tests.test_adversarial_m3_challenger1" name="test_tray_dynamic_icon_generation_all_statuses" time="0.008" /><testcase classname="tests.test_adversarial_m3_challenger1" name="test_tray_rapid_concurrent_status_updates" time="0.117" /><testcase classname="tests.test_adversarial_m3_challenger1" name="test_tray_menu_handlers_and_mute_toggle" time="0.003" /><testcase classname="tests.test_adversarial_m3_challenger1" name="test_dashboard_concurrent_http_flood_500_requests" time="3.411" /><testcase classname="tests.test_adversarial_m3_challenger1" name="test_dashboard_malformed_and_adversarial_json_payloads" time="0.568" /><testcase classname="tests.test_adversarial_m3_challenger1" name="test_dashboard_cors_options_and_404_resilience" time="0.558" /><testcase classname="tests.test_adversarial_m3_challenger1" name="test_dashboard_high_concurrency_telemetry_and_event_deque" time="0.511" /><testcase classname="tests.test_adversarial_m3_stt_llm" name="test_adversarial_stt_nan_inf_float32" time="0.001" /><testcase classname="tests.test_adversarial_m3_stt_llm" name="test_adversarial_stt_zero_length_and_empty_inputs" time="0.001" /><testcase classname="tests.test_adversarial_m3_stt_llm" name="test_adversarial_stt_100mb_burst_and_memory_safety" time="0.296" /><testcase classname="tests.test_adversarial_m3_stt_llm" name="test_adversarial_stt_50_chunk_continuous_feed" time="0.009" /><testcase classname="tests.test_adversarial_m3_stt_llm" name="test_adversarial_stt_corrupt_riff_wav_headers" time="0.003" /><testcase classname="tests.test_adversarial_m3_stt_llm" name="test_adversarial_stt_multichannel_downmixing" time="0.015" /><testcase classname="tests.test_adversarial_m3_stt_llm" name="test_adversarial_stt_sample_rate_mismatch_resampling" time="0.006" /><testcase classname="tests.test_adversarial_m3_stt_llm" name="test_adversarial_vad_rapid_threshold_oscillations" time="0.020" /><testcase classname="tests.test_adversarial_m3_stt_llm" name="test_adversarial_vad_chatter_burst_pulses" time="0.004" /><testcase classname="tests.test_adversarial_m3_stt_llm" name="test_adversarial_vad_leading_trailing_silence_edge_boundaries" time="0.007" /><testcase classname="tests.test_adversarial_m3_stt_llm" name="test_adversarial_llm_concurrent_multithreaded_requests" time="0.012" /><testcase classname="tests.test_adversarial_m3_stt_llm" name="test_adversarial_llm_malformed_json_markdown_blocks" time="0.001" /><testcase classname="tests.test_adversarial_m3_stt_llm" name="test_adversarial_llm_missing_fields_and_malformed_payloads" time="0.002" /><testcase classname="tests.test_adversarial_m3_stt_llm" name="test_adversarial_llm_token_limit_and_massive_prompts" time="0.001" /><testcase classname="tests.test_adversarial_m3_stt_llm" name="test_adversarial_llm_http_429_rate_limit_backoff_and_router_fallback" time="2.005" /><testcase classname="tests.test_adversarial_m3_stt_llm" name="test_adversarial_router_rule_fallback_sub_5ms_performance" time="0.036" /><testcase classname="tests.test_adversarial_m3_stt_llm" name="test_adversarial_dynamic_schema_complex_parameter_types" time="0.001" /><testcase classname="tests.test_adversarial_m3_stt_llm" name="test_stt_module_all_exports_present" time="0.001" /><testcase classname="tests.test_adversarial_m3_stt_llm" name="test_llm_module_all_exports_present" time="0.001" /><testcase classname="tests.test_adversarial_m3_ui_app" name="test_tray_rapid_start_stop_cycling" time="0.005" /><testcase classname="tests.test_adversarial_m3_ui_app" name="test_tray_concurrent_status_updates_stress" time="0.069" /><testcase classname="tests.test_adversarial_m3_ui_app" name="test_tray_menu_handlers_under_concurrent_load" time="0.068" /><testcase classname="tests.test_adversarial_m3_ui_app" name="test_tray_headless_and_fallback_consistency" time="0.002" /><testcase classname="tests.test_adversarial_m3_ui_app" name="test_dashboard_concurrent_http_flood" time="1.471" /><testcase classname="tests.test_adversarial_m3_ui_app" name="test_dashboard_invalid_json_payloads_api_command" time="0.095" /><testcase classname="tests.test_adversarial_m3_ui_app" name="test_dashboard_malformed_config_payloads_api_config" time="0.058" /><testcase classname="tests.test_adversarial_m3_ui_app" name="test_dashboard_port_contention_and_collision" time="0.002" /><testcase classname="tests.test_adversarial_m3_ui_app" name="test_dashboard_event_and_telemetry_high_concurrency" time="0.506" /><testcase classname="tests.test_adversarial_m3_ui_app" name="test_dashboard_cors_and_options_and_404" time="0.060" /><testcase classname="tests.test_adversarial_m3_ui_app" name="test_jarvis_app_full_voice_pipeline_dispatch" time="3.151" /><testcase classname="tests.test_adversarial_m3_ui_app" name="test_jarvis_app_voice_loop_silence_and_noise_rejection" time="2.276" /><testcase classname="tests.test_adversarial_m3_ui_app" name="test_jarvis_app_acoustic_gesture_to_action_fanout" time="3.518" /><testcase classname="tests.test_adversarial_m3_ui_app" name="test_jarvis_app_concurrent_text_commands_stress" time="11.954" /><testcase classname="tests.test_adversarial_m3_ui_app" name="test_jarvis_app_lifecycle_start_and_stop" time="5.595" /><testcase classname="tests.test_adversarial_m4_challenger1" name="test_hardware_monitor_corrupted_thermal_cim_json_resilience" time="0.012" /><testcase classname="tests.test_adversarial_m4_challenger1" name="test_hardware_monitor_subprocess_failure_and_timeout" time="0.005" /><testcase classname="tests.test_adversarial_m4_challenger1" name="test_hardware_monitor_nvidia_smi_malformed_outputs" time="0.010" /><testcase classname="tests.test_adversarial_m4_challenger1" name="test_hardware_monitor_smart_disk_failure_propagation" time="0.005" /><testcase classname="tests.test_adversarial_m4_challenger1" name="test_hardware_monitor_zero_disks_fallback" time="0.006" /><testcase classname="tests.test_adversarial_m4_challenger1" name="test_hardware_alert_rapid_flapping_under_continuous_load" time="0.002"><error message="failed on setup with &quot;ModuleNotFoundError: No module named 'psutil'&quot;">E   ModuleNotFoundError: No module named 'psutil'</error></testcase><testcase classname="tests.test_adversarial_m4_challenger1" name="test_hardware_critical_overheat_emergency_alert_escalation" time="0.003"><error message="failed on setup with &quot;ModuleNotFoundError: No module named 'psutil'&quot;">E   ModuleNotFoundError: No module named 'psutil'</error></testcase><testcase classname="tests.test_adversarial_m4_challenger1" name="test_hardware_multi_component_simultaneous_breach" time="0.005"><error message="failed on setup with &quot;ModuleNotFoundError: No module named 'psutil'&quot;">E   ModuleNotFoundError: No module named 'psutil'</error></testcase><testcase classname="tests.test_adversarial_m4_challenger1" name="test_hardware_reporter_adversarial_queries" time="0.002"><error message="failed on setup with &quot;ModuleNotFoundError: No module named 'psutil'&quot;">E   ModuleNotFoundError: No module named 'psutil'</error></testcase><testcase classname="tests.test_adversarial_m4_challenger1" name="test_hardware_reporter_markdown_dashboard_extreme_values" time="0.003"><error message="failed on setup with &quot;ModuleNotFoundError: No module named 'psutil'&quot;">E   ModuleNotFoundError: No module named 'psutil'</error></testcase><testcase classname="tests.test_adversarial_m4_challenger1" name="test_terminator_whitelist_bypass_casing_variations" time="0.008" /><testcase classname="tests.test_adversarial_m4_challenger1" name="test_terminator_whitelist_bypass_path_and_whitespace_variations" time="0.004" /><testcase classname="tests.test_adversarial_m4_challenger1" name="test_terminator_self_pid_protection" time="0.002" /><testcase classname="tests.test_adversarial_m4_challenger1" name="test_terminator_custom_whitelist_injection" time="0.001" /><testcase classname="tests.test_adversarial_m4_challenger1" name="test_unresponsive_app_detector_invalid_hwnds" time="0.002" /><testcase classname="tests.test_adversarial_m4_challenger1" name="test_unresponsive_app_detector_live_window_enumeration" time="0.003" /><testcase classname="tests.test_adversarial_m4_challenger1" name="test_watchdog_high_concurrency_heartbeats" time="0.214" /><testcase classname="tests.test_adversarial_m4_challenger1" name="test_watchdog_thread_hang_detection_simulation" time="0.302" /><testcase classname="tests.test_adversarial_m4_challenger1" name="test_watchdog_start_stop_rapid_cycling" time="0.381" /><testcase classname="tests.test_adversarial_m4_challenger1" name="test_healing_engine_advisory_mode_zero_terminations" time="0.002"><error message="failed on setup with &quot;ModuleNotFoundError: No module named 'psutil'&quot;">E   ModuleNotFoundError: No module named 'psutil'</error></testcase><testcase classname="tests.test_adversarial_m4_challenger1" name="test_healing_engine_batch_recovery_mixed_whitelist" time="0.002"><error message="failed on setup with &quot;ModuleNotFoundError: No module named 'psutil'&quot;">E   ModuleNotFoundError: No module named 'psutil'</error></testcase><testcase classname="tests.test_adversarial_m4_challenger1" name="test_healing_report_dict_and_dataclass_compatibility" time="0.001" /><testcase classname="tests.test_adversarial_m4_challenger1" name="test_security_scanner_unauthenticated_biometric_rejection" time="0.001" /><testcase classname="tests.test_adversarial_m4_challenger1" name="test_security_privilege_gate_admin_role_enforcement" time="0.001" /><testcase classname="tests.test_adversarial_m5_2" name="test_adversarial_biometrics_boundary_distances" time="0.025" /><testcase classname="tests.test_adversarial_m5_2" name="test_adversarial_biometrics_custom_tolerances_and_multi_enrollment" time="0.035" /><testcase classname="tests.test_adversarial_m5_2" name="test_adversarial_biometrics_dark_and_occluded_frames" time="0.019" /><testcase classname="tests.test_adversarial_m5_2" name="test_adversarial_biometrics_intruder_lock_and_telegram_dispatch" time="0.009" /><testcase classname="tests.test_adversarial_m5_2" name="test_adversarial_hand_gesture_debounce_and_velocity_thresholds" time="0.003" /><testcase classname="tests.test_adversarial_m5_2" name="test_adversarial_telegram_unauthorized_user_rejection_and_audit" time="0.008" /><testcase classname="tests.test_adversarial_m5_2" name="test_adversarial_vm_orchestrator_command_injection_prevention" time="0.021" /><testcase classname="tests.test_adversarial_m5_2" name="test_adversarial_imap_email_html_sanitization_and_xss_prevention" time="0.006" /><testcase classname="tests.test_adversarial_m5_2" name="test_adversarial_biometric_privilege_gate_session_ttl_and_invalidation" time="0.015" /><testcase classname="tests.test_adversarial_m5_2" name="test_adversarial_telegram_poll_queue_and_error_isolation" time="0.023" /><testcase classname="tests.test_adversarial_m5_2" name="test_adversarial_vm_orchestrator_subprocess_errors_and_timeouts" time="0.009" /><testcase classname="tests.test_adversarial_m5_challenger1" name="test_adversarial_single_element_dataset" time="0.005" /><testcase classname="tests.test_adversarial_m5_challenger1" name="test_adversarial_two_element_dataset" time="0.026" /><testcase classname="tests.test_adversarial_m5_challenger1" name="test_adversarial_zero_variance_constant_series" time="0.008" /><testcase classname="tests.test_adversarial_m5_challenger1" name="test_adversarial_extreme_magnitude_outliers_and_stability" time="0.006" /><testcase classname="tests.test_adversarial_m5_challenger1" name="test_adversarial_nan_null_and_corrupted_token_handling" time="0.014" /><testcase classname="tests.test_adversarial_m5_challenger1" name="test_adversarial_non_numeric_column_filtration" time="0.010" /><testcase classname="tests.test_adversarial_m5_challenger1" name="test_adversarial_skewness_and_kurtosis_against_scipy_definitions" time="0.003" /><testcase classname="tests.test_adversarial_m5_challenger1" name="test_adversarial_symmetric_distribution_skewness_zero" time="0.005" /><testcase classname="tests.test_adversarial_m5_challenger1" name="test_adversarial_platykurtic_vs_leptokurtic_kurtosis" time="0.005" /><testcase classname="tests.test_adversarial_m5_challenger1" name="test_adversarial_correlation_bounds_and_symmetry" time="0.016" /><testcase classname="tests.test_adversarial_m5_challenger1" name="test_adversarial_zero_variance_spearman_and_pearson_behavior" time="0.003" /><testcase classname="tests.test_adversarial_m5_challenger1" name="test_adversarial_monotonic_non_linear_spearman_vs_pearson" time="0.004" /><testcase classname="tests.test_adversarial_m5_challenger1" name="test_adversarial_monte_carlo_distributions_execution_and_percentiles" time="0.017" /><testcase classname="tests.test_adversarial_m5_challenger1" name="test_adversarial_monte_carlo_lognormal_strictly_positive" time="0.005" /><testcase classname="tests.test_adversarial_m5_challenger1" name="test_adversarial_var_and_cvar_mathematical_inequalities" time="0.006" /><testcase classname="tests.test_adversarial_m5_challenger1" name="test_adversarial_docx_zip_structure_and_xml_schemas" time="0.017" /><testcase classname="tests.test_adversarial_m5_challenger1" name="test_adversarial_xml_injection_escaping" time="0.015" /><testcase classname="tests.test_adversarial_m5_challenger1" name="test_adversarial_pdf_header_and_binary_structure" time="0.010" /><testcase classname="tests.test_adversarial_m5_challenger1" name="test_adversarial_voice_summary_generator_multi_format" time="0.002" /><testcase classname="tests.test_audio_dsp" name="test_audio_dsp_rms_mono_calculation_tier1" time="0.006" /><testcase classname="tests.test_audio_dsp" name="test_audio_dsp_noise_floor_ema_adaptation_tier1" time="0.086" /><testcase classname="tests.test_audio_dsp" name="test_audio_dsp_spike_ratio_detection_tier1" time="0.014" /><testcase classname="tests.test_audio_dsp" name="test_audio_engine_auto_probe_loudest_mic_tier1" time="0.002" /><testcase classname="tests.test_audio_dsp" name="test_audio_engine_device_override_by_name_or_index_tier1" time="0.002" /><testcase classname="tests.test_audio_dsp" name="test_audio_dsp_empty_and_nan_buffers_tier2" time="0.003" /><testcase classname="tests.test_audio_dsp" name="test_audio_dsp_schmitt_retrigger_hysteresis_tier2" time="0.013" /><testcase classname="tests.test_audio_dsp" name="test_audio_dsp_quiet_gate_floor_protection_tier2" time="0.007" /><testcase classname="tests.test_audio_dsp" name="test_audio_probe_all_devices_failing_fallback_tier2" time="0.002" /><testcase classname="tests.test_biometrics" name="test_biometrics_face_enrollment_and_verification_tier1" time="0.002"><error message="failed on setup with &quot;ModuleNotFoundError: No module named 'cv2'&quot;">E   ModuleNotFoundError: No module named 'cv2'</error></testcase><testcase classname="tests.test_biometrics" name="test_biometrics_privilege_gate_unlocks_on_auth_tier1" time="0.002"><error message="failed on setup with &quot;ModuleNotFoundError: No module named 'cv2'&quot;">E   ModuleNotFoundError: No module named 'cv2'</error></testcase><testcase classname="tests.test_biometrics" name="test_biometrics_intruder_detection_and_lockworkstation_tier1" time="0.002"><error message="failed on setup with &quot;ModuleNotFoundError: No module named 'cv2'&quot;">E   ModuleNotFoundError: No module named 'cv2'</error></testcase><testcase classname="tests.test_biometrics" name="test_biometrics_hand_gestures_swipe_and_fist_tier1" time="0.002"><error message="failed on setup with &quot;ModuleNotFoundError: No module named 'cv2'&quot;">E   ModuleNotFoundError: No module named 'cv2'</error></testcase><testcase classname="tests.test_biometrics" name="test_biometrics_bypass_mode_tier2" time="0.002"><error message="failed on setup with &quot;ModuleNotFoundError: No module named 'cv2'&quot;">E   ModuleNotFoundError: No module named 'cv2'</error></testcase><testcase classname="tests.test_biometrics" name="test_biometrics_dark_or_occluded_frame_handling_tier2" time="0.002"><error message="failed on setup with &quot;ModuleNotFoundError: No module named 'cv2'&quot;">E   ModuleNotFoundError: No module named 'cv2'</error></testcase><testcase classname="tests.test_challenger2_autonomous_stress.TestR3BrowserAutomationAdversarial" name="test_corrupted_session_storage_recovery" time="0.041" /><testcase classname="tests.test_challenger2_autonomous_stress.TestR3BrowserAutomationAdversarial" name="test_driver_fallback_cascade" time="2.040" /><testcase classname="tests.test_challenger2_autonomous_stress.TestR3BrowserAutomationAdversarial" name="test_invalid_and_hostile_html_structures" time="0.007"><failure message="AssertionError: False is not true">E   AssertionError: False is not true</failure></testcase><testcase classname="tests.test_challenger2_autonomous_stress.TestR3BrowserAutomationAdversarial" name="test_price_comparison_aggregator_edge_cases" time="0.001" /><testcase classname="tests.test_challenger2_autonomous_stress.TestR3BrowserAutomationAdversarial" name="test_table_parser_edge_cases" time="0.001" /><testcase classname="tests.test_challenger2_autonomous_stress.TestR4ComputerUseVisionAndGUIActorAdversarial" name="test_coordinate_normalization_and_clamping" time="0.001" /><testcase classname="tests.test_challenger2_autonomous_stress.TestR4ComputerUseVisionAndGUIActorAdversarial" name="test_gui_actor_dead_click_recovery_and_telemetry" time="0.527" /><testcase classname="tests.test_challenger2_autonomous_stress.TestR4ComputerUseVisionAndGUIActorAdversarial" name="test_negative_and_zero_screen_dimensions" time="0.001"><failure message="AssertionError: Tuples differ: (260, 463) != (0, 0)&#10;&#10;First differing element 0:&#10;260&#10;0&#10;&#10;- (260, 463)&#10;+ (0, 0)">E   AssertionError: Tuples differ: (260, 463) != (0, 0)
    
    First differing element 0:
    260
    0
    
    - (260, 463)
    + (0, 0)</failure></testcase><testcase classname="tests.test_challenger2_autonomous_stress.TestR4ComputerUseVisionAndGUIActorAdversarial" name="test_visual_verifier_zero_diff_and_roi" time="0.065" /><testcase classname="tests.test_challenger2_autonomous_stress.TestR6SQLiteMemoryAndHUDTelemeteryAdversarial" name="test_always_on_overlay_telemetry_and_headless_tolerance" time="0.002" /><testcase classname="tests.test_challenger2_autonomous_stress.TestR6SQLiteMemoryAndHUDTelemeteryAdversarial" name="test_sqlite_memory_multithreaded_rapid_write_concurrency" time="44.658" /><testcase classname="tests.test_challenger2_autonomous_stress.TestR7HealthCheckDiagnostics" name="test_health_check_execution_and_subsystem_readiness" time="0.631" /><testcase classname="tests.test_challenger2_stress.TestR5WebIntelligenceAdversarial" name="test_malformed_rss_and_atom_xml_feeds" time="0.004"><failure message="AssertionError: 'Tiêu đề Test' not found in 'Tiêu đề &lt;b&gt;Test&lt;/b&gt;'">E   AssertionError: 'Tiêu đề Test' not found in 'Tiêu đề &lt;b&gt;Test&lt;/b&gt;'</failure></testcase><testcase classname="tests.test_challenger2_stress.TestR5WebIntelligenceAdversarial" name="test_missing_fields_in_weather_json" time="0.010" /><testcase classname="tests.test_challenger2_stress.TestR5WebIntelligenceAdversarial" name="test_offline_network_failure_recovery_full_hub" time="0.004"><failure message="AssertionError: 'speech_text' not found in {'city': 'Hà Nội', 'weather': {'city': 'Hà Nội', 'temp_c': 27.0, 'feels_like_c': 29.0, 'condition': 'Nhiều mây', 'humidity': 75, 'wind_kph': 12.0, 'uv_index': None, 'pressure_hpa': None, 'visibility_km': None, 'source': 'offline_fallback', 'timestamp': 1788288056.5399008}, 'weather_speech': 'Thời tiết tại Hà Nội hiện tại là 27°C (cảm giác như 29°C), nhiều mây. Độ ẩm 75%, sức gió 12.0 km/h, thưa Ngài.', 'news': ['Nhiều bước tiến mới trong mô hình AI đa phương thức và Edge Computing (VnExpress)', 'Các tập đoàn công nghệ đẩy mạnh đầu tư hạ tầng bán dẫn và trung tâm dữ liệu (TechCrunch)', 'Phát triển trợ lý AI cá nhân trên máy tính cá nhân thu hút cộng đồng mã nguồn mở (VnExpress)'], 'news_articles': [{'title': 'Nhiều bước tiến mới trong mô hình AI đa phương thức và Edge Computing', 'link': 'https://vnexpress.net/so-hoa', 'description': 'Các công nghệ trí tuệ nhân tạo thế hệ mới đang được tối ưu hóa cho thiết bị biên.', 'published_at': '', 'source': 'VnExpress'}, {'title': 'Các tập đoàn công nghệ đẩy mạnh đầu tư hạ tầng bán dẫn và trung tâm dữ liệu', 'link': 'https://techcrunch.com', 'description': 'Thị trường chip bán dẫn tiếp tục ghi nhận nhu cầu mạnh mẽ.', 'published_at': '', 'source': 'TechCrunch'}, {'title': 'Phát triển trợ lý AI cá nhân trên máy tính cá nhân thu hút cộng đồng mã nguồn mở', 'link': 'https://vnexpress.net', 'description': 'Hệ sinh thái open-source phát triển mạnh mẽ cho desktop assistant.', 'published_at': '', 'source': 'VnExpress'}], 'crypto': {'BTC': 64500.0, 'ETH': 3450.0}, 'usd_vnd_rate': 25450.0, 'crypto_speech': 'Bitcoin hiện ở mức $64,500 (+0.5%), Ethereum đạt $3,450 (+0.5%).', 'spoken_summary': 'Chào buổi sáng thưa Ngài. Sau đây là bản tin tổng hợp hôm nay: Thời tiết tại Hà Nội hiện tại là 27°C (cảm giác như 29°C), nhiều mây. Độ ẩm 75%, sức gió 12.0 km/h, thưa Ngài. Về thị trường tài chính: Bitcoin hiện ở mức $64,500 (+0.5%), Ethereum đạt $3,450 (+0.5%). Điểm qua 3 tin tức công nghệ nổi bật: Thứ 1: Nhiều bước tiến mới trong mô hình AI đa phương thức và Edge Computing. Thứ 2: Các tập đoàn công nghệ đẩy mạnh đầu tư hạ tầng bán dẫn và trung tâm dữ liệu. Thứ 3: Phát triển trợ lý AI cá nhân trên máy tính cá nhân thu hút cộng đồng mã nguồn mở.', 'overlay_bullets': ['🌤️ **Thời tiết Hà Nội**: 27.0°C, Nhiều mây (Độ ẩm 75%)', '💰 **Thị trường**: BTC $64,500 | ETH $3,450 | USD/VND 25,450', '📰 **Tin tức nổi bật**:', '  • Nhiều bước tiến mới trong mô hình AI đa phương thức và Edge Computing', '  • Các tập đoàn công nghệ đẩy mạnh đầu tư hạ tầng bán dẫn và trung tâm dữ liệu', '  • Phát triển trợ lý AI cá nhân trên máy tính cá nhân thu hút cộng đồng mã nguồn mở'], 'timestamp': '2026-09-02T01:40:56.541312'}">E   AssertionError: 'speech_text' not found in {'city': 'Hà Nội', 'weather': {'city': 'Hà Nội', 'temp_c': 27.0, 'feels_like_c': 29.0, 'co
[...]
      Surrounding snippet:
          encoding: str = "utf-8",
          timeout=None,
          **kwargs: Any,
      ) -&gt; subprocess.CompletedProcess:
          """
          subprocess.run wrapper with explicit UTF-8 encoding and replacement error handling.
      
          Args:
              cmd: Command to run (list or shell string).
              source: Human-readable label for logging (e.g. 'shell_assistant.exec_cmd').
              encoding: Encoding for decoding subprocess output. Default 'utf-8'.
      
      D:\Software GitCode\JARVIS\jarvis\utils\subprocess_utils.py:41 -&gt; timeout: Timeout in seconds passed to subprocess.run.
      Surrounding snippet:
          Args:
              cmd: Command to run (list or shell string).
              source: Human-readable label for logging (e.g. 'shell_assistant.exec_cmd').
              encoding: Encoding for decoding subprocess output. Default 'utf-8'.
                        Use 'utf-16-le' for PowerShell 5 / wmic commands.
              timeout: Timeout in seconds passed to subprocess.run.
              **kwargs: Additional keyword arguments forwarded to subprocess.run.
      
          Returns:
              subprocess.CompletedProcess with decoded stdout/stderr strings.
      
      
      D:\Software GitCode\JARVIS\jarvis\utils\subprocess_utils.py:59 -&gt; result = subprocess.run(
      Surrounding snippet:
      
          # Remove any conflicting encoding/errors the caller may have passed
          kwargs.pop("encoding", None)
          kwargs.pop("errors", None)
      
          result = subprocess.run(
              cmd,
              encoding=encoding,
              errors="replace",
              timeout=timeout,
              **kwargs,
      
    assert not ['D:\\Software GitCode\\JARVIS\\jarvis\\utils\\subprocess_utils.py:6 -&gt; subprocess.run(..., text=True) without explici...(\n        cmd,\n        encoding=encoding,\n        errors="replace",\n        timeout=timeout,\n        **kwargs,\n']</failure></testcase><testcase classname="tests.unit.test_subprocess_no_window_r2" name="test_hardware_monitor_nvidia_smi_uses_creationflags" time="0.004" /><testcase classname="tests.unit.test_subprocess_no_window_r2" name="test_hardware_monitor_smart_probe_uses_creationflags" time="0.004" /><testcase classname="tests.unit.test_subprocess_no_window_r2" name="test_notification_hub_toast_uses_creationflags" time="0.004" /><testcase classname="tests.unit.test_subprocess_no_window_r2" name="test_shell_plugin_exec_uses_creationflags" time="0.002" /><testcase classname="tests.unit.test_subprocess_no_window_r2" name="test_app_launcher_uses_combined_creationflags" time="0.006" /><testcase classname="tests.unit.test_tts_cache" name="test_tts_cache_key_computation" time="0.001" /><testcase classname="tests.unit.test_tts_cache" name="test_tts_cache_put_and_get" time="0.010" /><testcase classname="tests.unit.test_tts_cache" name="test_tts_cache_corruption_handling" time="0.007" /><testcase classname="tests.unit.test_tts_cache" name="test_local_tts_cache_bytes_interface" time="0.007" /><testcase classname="tests.unit.test_tts_cache" name="test_play_wav_mock_audio_bypasses_physical_playback" time="0.007" /><testcase classname="tests.unit.test_tts_cache" name="test_play_wav_without_mock_audio_still_attempts_physical_playback" time="0.007" /><testcase classname="tests.unit.test_tts_engines" name="test_elevenlabs_engine_availability" time="0.001" /><testcase classname="tests.unit.test_tts_engines" name="test_elevenlabs_synthesize_mock_http" time="0.001" /><testcase classname="tests.unit.test_tts_engines" name="test_sapi5_fallback_tts" time="0.006" /><testcase classname="tests.unit.test_tts_engines" name="test_tts_manager_cache_and_fallback_routing" time="3.146" /><testcase classname="tests.unit.test_ui_dashboard" name="test_system_tray_status_transitions_and_events" time="0.001" /><testcase classname="tests.unit.test_ui_dashboard" name="test_system_tray_icon_generation" time="0.002" /><testcase classname="tests.unit.test_ui_dashboard" name="test_system_tray_lifecycle_and_actions" time="0.004" /><testcase classname="tests.unit.test_ui_dashboard" name="test_dashboard_http_server_endpoints" time="0.120" /><testcase classname="tests.unit.test_ui_dashboard" name="test_dashboard_event_broadcasting_and_metrics_summary" time="0.001" /><testcase classname="tests.unit.test_ui_dashboard" name="test_dashboard_html_displays_canonical_runtime_version" time="0.001" /><testcase classname="tests.unit.test_ui_dashboard" name="test_dashboard_status_api_version_matches_canonical_and_html" time="0.002" /><testcase classname="tests.unit.test_ui_dashboard" name="test_dashboard_metrics_server_alias" time="0.002" /><testcase classname="tests.unit.test_vad.TestVoiceActivityConfig" name="test_default_values" time="0.003" /><testcase classname="tests.unit.test_vad.TestVoiceActivityConfig" name="test_custom_values" time="0.002" /><testcase classname="tests.unit.test_vad.TestVoiceActivityDetectorMock" name="test_mock_is_speech_always_false" time="0.002" /><testcase classname="tests.unit.test_vad.TestVoiceActivityDetectorMock" name="test_mock_listen_returns_segment" time="0.052" /><testcase classname="tests.unit.test_vad.TestVoiceActivityDetectorMock" name="test_mock_speech_segment_has_confidence" time="0.053" /><testcase classname="tests.unit.test_vad.TestVoiceActivityDetectorMock" name="test_mock_speech_segment_duration_positive" time="0.053" /><testcase classname="tests.unit.test_vad.TestVoiceActivityDetectorEnergy" name="test_loud_audio_detected_as_speech" time="0.004" /><testcase classname="tests.unit.test_vad.TestVoiceActivityDetectorEnergy" name="test_silence_not_detected_as_speech" time="0.003" /><testcase classname="tests.unit.test_vad.TestVoiceActivityDetectorEnergy" name="test_empty_audio_not_speech" time="0.003" /><testcase classname="tests.unit.test_vad.TestVoiceActivityDetectorEnergy" name="test_threshold_boundary" time="0.004" /><testcase classname="tests.unit.test_vad.TestSpeechSegment" name="test_bool_true_when_bytes_nonempty" time="0.005" /><testcase classname="tests.unit.test_vad.TestSpeechSegment" name="test_bool_false_when_empty" time="0.002" /><testcase classname="tests.unit.test_vector_store.TestAddAndRetrieve" name="test_add_document_returns_true" time="0.009" /><testcase classname="tests.unit.test_vector_store.TestAddAndRetrieve" name="test_get_document_after_add" time="0.008" /><testcase classname="tests.unit.test_vector_store.TestAddAndRetrieve" name="test_add_empty_content_returns_false" time="0.008" /><testcase classname="tests.unit.test_vector_store.TestAddAndRetrieve" name="test_size_increases_on_add" time="0.010" /><testcase classname="tests.unit.test_vector_store.TestSearch" name="test_search_returns_list" time="0.011" /><testcase classname="tests.unit.test_vector_store.TestSearch" name="test_search_finds_relevant_document" time="0.012" /><testcase classname="tests.unit.test_vector_store.TestSearch" name="test_search_top_k_limiting" time="0.009" /><testcase classname="tests.unit.test_vector_store.TestSearch" name="test_search_result_has_score" time="0.008" /><testcase classname="tests.unit.test_vector_store.TestCosimeSimilarity" name="test_exact_match_high_score" time="0.007" /><testcase classname="tests.unit.test_vector_store.TestCosimeSimilarity" name="test_unrelated_query_low_score" time="0.006" /><testcase classname="tests.unit.test_vector_store.TestCategoryFilter" name="test_category_filter_excludes_other_categories" time="0.007" /><testcase classname="tests.unit.test_vector_store.TestCategoryFilter" name="test_categories_method_returns_list" time="0.008" /><testcase classname="tests.unit.test_vector_store.TestPersistence" name="test_save_and_load" time="0.010" /><testcase classname="tests.unit.test_vector_store.TestPersistence" name="test_explicit_save_creates_file" time="0.009" /><testcase classname="tests.unit.test_vector_store.TestDeleteDocument" name="test_delete_removes_document" time="0.012" /><testcase classname="tests.unit.test_vector_store.TestDeleteDocument" name="test_delete_nonexistent_returns_false" time="0.014" /><testcase classname="tests.unit.test_vector_store.TestDeleteDocument" name="test_deleted_document_not_in_search" time="0.009" /><testcase classname="tests.unit.test_version_metadata" name="test_runtime_version_matches_single_source_literal" time="0.003" /><testcase classname="tests.unit.test_version_metadata" name="test_cli_version_flag_uses_canonical_version" time="0.003" /><testcase classname="tests.unit.test_version_metadata" name="test_pyproject_has_no_duplicate_version_literal" time="0.006" /><testcase classname="tests.unit.test_version_metadata" name="test_system_version_config_key_present_and_independent" time="0.051" /><testcase classname="tests.unit.test_wake_word" name="test_wake_word_detector_initialization_defaults" time="0.002" /><testcase classname="tests.unit.test_wake_word" name="test_wake_word_detector_live_enable_disable_toggle" time="0.021" /><testcase classname="tests.unit.test_wake_word" name="test_wake_word_detector_toggle_enabled_true_to_false" time="0.002" /><testcase classname="tests.unit.test_wake_word" name="test_wake_word_detector_toggle_enabled_false_to_true" time="0.004" /><testcase classname="tests.unit.test_wake_word" name="test_wake_word_detector_toggle_enabled_round_trip_and_set_enabled_agree" time="0.005" /><testcase classname="tests.unit.test_wake_word" name="test_wake_word_detector_reset" time="0.021" /><testcase classname="tests.unit.test_wake_word" name="test_resample_audio_exact_and_edge_cases" time="0.003" /><testcase classname="tests.unit.test_wake_word" name="test_wake_word_audio_format_tolerance" time="0.047" /><testcase classname="tests.unit.test_wake_word" name="test_wake_word_int16_mono_normalization_exact" time="0.011" /><testcase classname="tests.unit.test_wake_word" name="test_wake_word_int16_stereo_normalization_exact" time="0.008" /><testcase classname="tests.unit.test_wake_word" name="test_wake_word_silence_rejection" time="0.022" /><testcase classname="tests.unit.test_wake_word" name="test_wake_word_white_noise_rejection" time="0.106" /><testcase classname="tests.unit.test_wake_word" name="test_wake_word_clap_transient_rejection" time="0.020" /><testcase classname="tests.unit.test_wake_word" name="test_wake_word_nan_inf_none_edge_cases" time="0.005" /><testcase classname="tests.unit.test_wake_word" name="test_wake_word_refractory_period_cooldown" time="0.040" /><testcase classname="tests.unit.test_wake_word" name="test_wake_word_callback_invocations" time="0.016" /><testcase classname="tests.unit.test_wake_word" name="test_wake_word_callback_exception_isolation" time="0.028" /><testcase classname="tests.unit.test_wake_word" name="test_wake_word_sensitivity_bounds_and_effects" time="0.003" /><testcase classname="tests.unit.test_wake_word" name="test_wake_word_result_dataclass_and_dict" time="0.001" /><testcase classname="tests.unit.test_wake_word" name="test_wake_word_engine_type_enum" time="0.001" /><testcase classname="tests.unit.test_wake_word" name="test_wake_word_40ms_chunk_streaming" time="0.088" /><testcase classname="tests.unit.test_wake_word" name="test_wake_word_detection_latency_under_1s" time="0.020" /><testcase classname="tests.unit.test_wake_word" name="test_wake_word_tier1_vosk_mock_integration" time="0.007" /><testcase classname="tests.unit.test_wake_word" name="test_wake_word_tier1_failure_smooth_fallback_to_tier2" time="0.021" /><testcase classname="tests.unit.test_wake_word" name="test_wake_word_porcupine_production_44100_to_16000_block_path" time="0.026" /><testcase classname="tests.unit.test_wake_word" name="test_wake_word_tier1_porcupine_package_unavailable_falls_back" time="0.002" /><testcase classname="tests.unit.test_wake_word" name="test_wake_word_tier1_porcupine_no_access_key_falls_back" time="0.006" /><testcase classname="tests.unit.test_wake_word" name="test_wake_word_tier1_porcupine_successful_init_and_detection" time="0.004" /><testcase classname="tests.unit.test_wake_word" name="test_wake_word_tier1_porcupine_no_detection_falls_through_to_tier2" time="0.006" /><testcase classname="tests.unit.test_wake_word" name="test_wake_word_porcupine_runtime_failure_permanently_degrades_to_tier2" time="0.008" /><testcase classname="tests.unit.test_wake_word" name="test_wake_word_porcupine_partial_init_failure_releases_native_engine" time="0.004" /><testcase classname="tests.unit.test_wake_word" name="test_wake_word_porcupine_refractory_period_cooldown" time="0.008" /><testcase classname="tests.unit.test_wake_word" name="test_wake_word_porcupine_streams_during_cooldown_but_suppresses_emission" time="0.004" /><testcase classname="tests.unit.test_wake_word" name="test_wake_word_disabled_detector_skips_porcupine_processing" time="0.004" /><testcase classname="tests.unit.test_wake_word" name="test_wake_word_disable_enable_clears_porcupine_frame_buffer_and_ring_buffer" time="0.016" /><testcase classname="tests.unit.test_wake_word" name="test_wake_word_toggle_enabled_clears_stream_state" time="0.012" /><testcase classname="tests.unit.test_wake_word" name="test_wake_word_disable_enable_does_not_reset_cooldown_timer" time="0.010" /><testcase classname="tests.unit.test_wake_word" name="test_wake_word_porcupine_shutdown_releases_native_resources" time="0.004" /><testcase classname="tests.unit.test_wake_word" name="test_wake_word_porcupine_shutdown_survives_delete_exception" time="0.005" /><testcase classname="tests.unit.test_wake_word" name="test_wake_word_shutdown_noop_without_native_backend" time="0.002" /><testcase classname="tests.unit.test_wake_word" name="test_wake_word_shutdown_then_reset_does_not_touch_deleted_backend" time="0.007" /><testcase classname="tests.unit.test_wake_word" name="test_wake_word_porcupine_shutdown_thread_safe_single_delete_under_concurrency" time="0.009" /><testcase classname="tests.unit.test_wake_word" name="test_wake_word_porcupine_shutdown_does_not_race_with_in_flight_feed_audio_block" time="0.327" /><testcase classname="tests.unit.test_wake_word" name="test_wake_word_reset_clears_porcupine_frame_buffer" time="0.002" /><testcase classname="tests.unit.test_wake_word" name="test_porcupine_frame_buffer_incomplete_frame_buffers_without_processing" time="0.003" /><testcase classname="tests.unit.test_wake_word" name="test_porcupine_frame_buffer_processes_multiple_complete_frames_in_one_call" time="0.002" /><testcase classname="tests.unit.test_wake_word" name="test_porcupine_frame_buffer_carries_over_partial_frame_between_calls" time="0.001" /><testcase classname="tests.unit.test_wake_word" name="test_porcupine_frame_buffer_returns_first_detected_index" time="0.002" /><testcase classname="tests.unit.test_wake_word" name="test_porcupine_frame_buffer_reset_drops_pending_samples" time="0.001" /><testcase classname="tests.unit.test_wake_word" name="test_wake_word_concurrent_streaming_and_toggles" time="0.952" /><testcase classname="tests.unit.test_wake_word" name="test_tray_wake_word_toggle_without_app" time="0.002" /><testcase classname="tests.unit.test_wake_word" name="test_tray_wake_word_toggle_with_app_detector" time="0.002" /><testcase classname="tests.unit.test_wake_word" name="test_tray_menu_items_include_wake_word" time="0.001" /><testcase classname="tests.unit.test_watchdog_chaos.TestWatchdogChaosSupervision" name="test_watchdog_subprocess_chaos_3x_recovery" time="0.520" /><testcase classname="tests.unit.test_watchdog_chaos.TestWatchdogChaosSupervision" name="test_supervisor_clean_stop" time="0.011" /><testcase classname="tests.unit.test_web_intelligence" name="test_ttl_cache_basic_hit_miss_and_overwrite" time="0.002" /><testcase classname="tests.unit.test_web_intelligence" name="test_ttl_cache_expiration" time="0.071" /><testcase classname="tests.unit.test_web_intelligence" name="test_ttl_cache_cleanup_expired" time="0.036" /><testcase classname="tests.unit.test_web_intelligence" name="test_ttl_cache_deterministic_make_key" time="0.002" /><testcase classname="tests.unit.test_web_intelligence" name="test_ttl_cache_thread_safety_concurrency" time="0.014" /><testcase classname="tests.unit.test_web_intelligence" name="test_ttl_cache_get_or_set" time="0.002" /><testcase classname="tests.unit.test_web_intelligence" name="test_web_search_ddgs_mock" time="0.002" /><testcase classname="tests.unit.test_web_intelligence" name="test_web_search_html_scraper_fallback" time="0.004" /><testcase classname="tests.unit.test_web_intelligence" name="test_web_search_and_summarize" time="0.003" /><testcase classname="tests.unit.test_web_intelligence" name="test_weather_city_normalization" time="0.002" /><testcase classname="tests.unit.test_web_intelligence" name="test_weather_openweathermap_parsing" time="0.012" /><testcase classname="tests.unit.test_web_intelligence" name="test_weather_wttr_in_fallback_parsing" time="0.004" /><testcase classname="tests.unit.test_web_intelligence" name="test_news_rss_20_xml_parsing" time="0.002" /><testcase classname="tests.unit.test_web_intelligence" name="test_news_atom_xml_parsing" time="0.002" /><testcase classname="tests.unit.test_web_intelligence" name="test_news_headlines_and_summary_formatting" time="0.002" /><testcase classname="tests.unit.test_web_intelligence" name="test_finance_exchange_rate_usd_vnd" time="0.002" /><testcase classname="tests.unit.test_web_intelligence" name="test_finance_crypto_price_binance" time="0.003" /><testcase classname="tests.unit.test_web_intelligence" name="test_finance_stock_quote_yahoo" time="0.002" /><testcase classname="tests.unit.test_web_intelligence" name="test_finance_crypto_summary_speech" time="0.005" /><testcase classname="tests.unit.test_web_intelligence" name="test_web_hub_generate_morning_briefing" time="0.002" /><testcase classname="tests.unit.test_web_intelligence" name="test_web_hub_is_online_probe" time="0.052" /><testcase classname="tests.unit.test_web_intelligence" name="test_web_hub_clear_cache" time="0.001" /><testcase classname="tests.unit.test_zalo_bot.TestAuthorization" name="test_unconfigured_whitelist_blocks_all" time="0.002" /><testcase classname="tests.unit.test_zalo_bot.TestAuthorization" name="test_whitelist_allows_member" time="0.003" /><testcase classname="tests.unit.test_zalo_bot.TestAuthorization" name="test_whitelist_blocks_stranger" time="0.002" /><testcase classname="tests.unit.test_zalo_bot.TestAuthorization" name="test_mock_webhook_signature_always_valid" time="0.002" /><testcase classname="tests.unit.test_zalo_bot.TestAuthorization" name="test_real_webhook_signature_fails_when_secret_empty" time="0.002" /><testcase classname="tests.unit.test_zalo_bot.TestAuthorization" name="test_real_webhook_signature_validates_correctly" time="0.002" /><testcase classname="tests.unit.test_zalo_bot.TestCommandDispatch" name="test_help_command" time="0.002" /><testcase classname="tests.unit.test_zalo_bot.TestCommandDispatch" name="test_status_command" time="0.002" /><testcase classname="tests.unit.test_zalo_bot.TestCommandDispatch" name="test_note_command" time="0.005" /><testcase classname="tests.unit.test_zalo_bot.TestCommandDispatch" name="test_unauthorized_user_blocked" time="0.002" /><testcase classname="tests.unit.test_zalo_bot.TestCommandDispatch" name="test_natural_language_handled" time="0.700" /><testcase classname="tests.unit.test_zalo_bot.TestSendMessage" name="test_mock_send_returns_success" time="0.003" /><testcase classname="tests.unit.test_zalo_bot.TestSendMessage" name="test_sent_messages_logged" time="0.002" /><testcase classname="tests.unit.test_zalo_bot.TestSendMessage" name="test_broadcast_sends_to_all" time="0.002" /><testcase classname="tests.unit.test_zalo_bot.TestSendMessage" name="test_broadcast_no_users_returns_empty" time="0.003" /><testcase classname="tests.unit.test_zalo_bot.TestWebhook" name="test_start_stop_mock_webhook" time="0.005" /></testsuite></testsuites>