<?xml version="1.0" encoding="utf-8"?><testsuites name="pytest tests"><testsuite name="pytest" errors="0" failures="0" skipped="0" tests="21" time="56.896" timestamp="2026-09-16T17:36:38.440303+07:00" hostname="redacted"><testcase classname="tests.e2e.test_browser_playwright_e2e" name="test_http_503_navigation_fails_closed" time="4.677" /><testcase classname="tests.e2e.test_browser_playwright_e2e" name="test_http_403_navigation_reports_blocked" time="2.296" /><testcase classname="tests.e2e.test_browser_playwright_e2e" name="test_http_200_error_title_cannot_report_success" time="2.089" /><testcase classname="tests.e2e.test_browser_playwright_e2e" name="test_redirect_reports_final_real_url_and_dom" time="2.091" /><testcase classname="tests.e2e.test_browser_playwright_e2e" name="test_playwright_extra_headers_do_not_cross_redirect_origin" time="2.580" /><testcase classname="tests.e2e.test_browser_playwright_e2e" name="test_playwright_extra_headers_survive_same_origin_redirect" time="2.867" /><testcase classname="tests.e2e.test_browser_playwright_e2e" name="test_playwright_redirect_never_readds_headers_after_cross_origin_bounce" time="2.055" /><testcase classname="tests.e2e.test_browser_playwright_e2e" name="test_playwright_subresource_bounce_never_readds_scoped_header" time="2.010" /><testcase classname="tests.e2e.test_browser_playwright_e2e" name="test_playwright_cross_origin_iframe_cannot_spend_scoped_header" time="2.900" /><testcase classname="tests.e2e.test_browser_playwright_e2e" name="test_playwright_cross_origin_iframe_top_navigation_is_not_trusted_click" time="2.108" /><testcase classname="tests.e2e.test_browser_playwright_e2e" name="test_playwright_cookie_delta_only_mutates_targeted_identity" time="1.619" /><testcase classname="tests.e2e.test_browser_playwright_e2e" name="test_core_handler_can_use_browser_launched_on_another_thread" time="1.530" /><testcase classname="tests.e2e.test_browser_playwright_e2e" name="test_local_product_page_yields_only_evidenced_offer" time="1.461" /><testcase classname="tests.e2e.test_browser_playwright_e2e" name="test_real_browser_full_action_and_dom_flow" time="2.405" /><testcase classname="tests.e2e.test_browser_playwright_e2e" name="test_wait_timeout_has_stable_timeout_result" time="2.592" /><testcase classname="tests.e2e.test_browser_playwright_e2e" name="test_navigation_timeout_fails_closed" time="2.093" /><testcase classname="tests.e2e.test_browser_playwright_e2e" name="test_action_after_session_close_reports_disconnected" time="1.529" /><testcase classname="tests.e2e.test_browser_playwright_e2e" name="test_invalid_selector_returns_stable_error" time="2.351" /><testcase classname="tests.e2e.test_browser_playwright_e2e" name="test_real_cdp_attach_navigates_and_interacts" time="5.534" /><testcase classname="tests.e2e.test_browser_playwright_e2e" name="test_real_cdp_disconnect_fails_closed" time="6.207" /><testcase classname="tests.e2e.test_browser_playwright_e2e" name="test_legacy_controller_delegates_to_real_canonical_browser" time="2.653" /></testsuite></testsuites>
